{"/home/lrabbets/repos/the-pile/the-pile-web/src/app/page.tsx": {"path":"/home/lrabbets/repos/the-pile/the-pile-web/src/app/page.tsx","statementMap":{"0":{"start":{"line":6,"column":24},"end":{"line":6,"column":null}},"1":{"start":{"line":1,"column":17},"end":{"line":1,"column":null}},"2":{"start":{"line":2,"column":23},"end":{"line":2,"column":null}},"3":{"start":{"line":3,"column":34},"end":{"line":3,"column":null}},"4":{"start":{"line":4,"column":54},"end":{"line":4,"column":null}}},"fnMap":{"0":{"name":"HomePage","decl":{"start":{"line":6,"column":24},"end":{"line":6,"column":null}},"loc":{"start":{"line":6,"column":24},"end":{"line":85,"column":null}}}},"branchMap":{},"s":{"0":0,"1":0,"2":0,"3":0,"4":0},"f":{"0":0},"b":{}}
,"/home/lrabbets/repos/the-pile/the-pile-web/src/app/auth/callback/page.tsx": {"path":"/home/lrabbets/repos/the-pile/the-pile-web/src/app/auth/callback/page.tsx","statementMap":{"0":{"start":{"line":7,"column":24},"end":{"line":7,"column":null}},"1":{"start":{"line":3,"column":26},"end":{"line":3,"column":null}},"2":{"start":{"line":4,"column":43},"end":{"line":4,"column":null}},"3":{"start":{"line":5,"column":24},"end":{"line":5,"column":null}},"4":{"start":{"line":8,"column":17},"end":{"line":8,"column":null}},"5":{"start":{"line":9,"column":23},"end":{"line":9,"column":null}},"6":{"start":{"line":11,"column":2},"end":{"line":23,"column":null}},"7":{"start":{"line":12,"column":18},"end":{"line":12,"column":null}},"8":{"start":{"line":14,"column":4},"end":{"line":22,"column":null}},"9":{"start":{"line":16,"column":6},"end":{"line":16,"column":null}},"10":{"start":{"line":18,"column":6},"end":{"line":18,"column":null}},"11":{"start":{"line":21,"column":6},"end":{"line":21,"column":null}}},"fnMap":{"0":{"name":"AuthCallbackPage","decl":{"start":{"line":7,"column":24},"end":{"line":7,"column":null}},"loc":{"start":{"line":7,"column":24},"end":{"line":34,"column":null}}},"1":{"name":"(anonymous_2)","decl":{"start":{"line":11,"column":12},"end":{"line":11,"column":null}},"loc":{"start":{"line":11,"column":12},"end":{"line":23,"column":5}}}},"branchMap":{"0":{"loc":{"start":{"line":14,"column":4},"end":{"line":22,"column":null}},"type":"if","locations":[{"start":{"line":14,"column":4},"end":{"line":22,"column":null}},{"start":{"line":19,"column":11},"end":{"line":22,"column":null}}]}},"s":{"0":0,"1":0,"2":0,"3":0,"4":0,"5":0,"6":0,"7":0,"8":0,"9":0,"10":0,"11":0},"f":{"0":0,"1":0},"b":{"0":[0,0]}}
,"/home/lrabbets/repos/the-pile/the-pile-web/src/app/auth/steam/page.tsx": {"path":"/home/lrabbets/repos/the-pile/the-pile-web/src/app/auth/steam/page.tsx","statementMap":{"0":{"start":{"line":8,"column":24},"end":{"line":8,"column":null}},"1":{"start":{"line":3,"column":26},"end":{"line":3,"column":null}},"2":{"start":{"line":4,"column":24},"end":{"line":4,"column":null}},"3":{"start":{"line":5,"column":34},"end":{"line":5,"column":null}},"4":{"start":{"line":6,"column":23},"end":{"line":6,"column":null}},"5":{"start":{"line":9,"column":31},"end":{"line":9,"column":null}},"6":{"start":{"line":11,"column":2},"end":{"line":14,"column":null}},"7":{"start":{"line":13,"column":4},"end":{"line":13,"column":null}}},"fnMap":{"0":{"name":"SteamAuthPage","decl":{"start":{"line":8,"column":24},"end":{"line":8,"column":null}},"loc":{"start":{"line":8,"column":24},"end":{"line":46,"column":null}}},"1":{"name":"(anonymous_2)","decl":{"start":{"line":11,"column":12},"end":{"line":11,"column":null}},"loc":{"start":{"line":11,"column":12},"end":{"line":14,"column":5}}}},"branchMap":{"0":{"loc":{"start":{"line":28,"column":10},"end":{"line":33,"column":11}},"type":"cond-expr","locations":[{"start":{"line":28,"column":10},"end":{"line":33,"column":11}}]}},"s":{"0":0,"1":0,"2":0,"3":0,"4":0,"5":0,"6":0,"7":0},"f":{"0":0,"1":0},"b":{"0":[0]}}
,"/home/lrabbets/repos/the-pile/the-pile-web/src/app/pile/page.tsx": {"path":"/home/lrabbets/repos/the-pile/the-pile-web/src/app/pile/page.tsx","statementMap":{"0":{"start":{"line":19,"column":24},"end":{"line":19,"column":null}},"1":{"start":{"line":3,"column":25},"end":{"line":3,"column":null}},"2":{"start":{"line":6,"column":24},"end":{"line":6,"column":null}},"3":{"start":{"line":8,"column":34},"end":{"line":8,"column":null}},"4":{"start":{"line":9,"column":28},"end":{"line":9,"column":null}},"5":{"start":{"line":10,"column":30},"end":{"line":10,"column":null}},"6":{"start":{"line":11,"column":32},"end":{"line":11,"column":null}},"7":{"start":{"line":12,"column":23},"end":{"line":12,"column":null}},"8":{"start":{"line":15,"column":17},"end":{"line":15,"column":null}},"9":{"start":{"line":16,"column":48},"end":{"line":16,"column":null}},"10":{"start":{"line":17,"column":36},"end":{"line":17,"column":null}},"11":{"start":{"line":20,"column":19},"end":{"line":20,"column":null}},"12":{"start":{"line":21,"column":36},"end":{"line":21,"column":null}},"13":{"start":{"line":22,"column":56},"end":{"line":22,"column":null}},"14":{"start":{"line":23,"column":42},"end":{"line":23,"column":null}},"15":{"start":{"line":24,"column":42},"end":{"line":24,"column":null}},"16":{"start":{"line":26,"column":2},"end":{"line":37,"column":null}},"17":{"start":{"line":39,"column":2},"end":{"line":48,"column":null}},"18":{"start":{"line":50,"column":2},"end":{"line":62,"column":null}},"19":{"start":{"line":115,"column":16},"end":{"line":115,"column":null}},"20":{"start":{"line":118,"column":16},"end":{"line":118,"column":null}},"21":{"start":{"line":154,"column":42},"end":{"line":159,"column":null}},"22":{"start":{"line":163,"column":39},"end":{"line":163,"column":null}},"23":{"start":{"line":163,"column":58},"end":{"line":163,"column":78}},"24":{"start":{"line":164,"column":18},"end":{"line":166,"column":null}},"25":{"start":{"line":165,"column":20},"end":{"line":165,"column":null}},"26":{"start":{"line":177,"column":27},"end":{"line":177,"column":null}},"27":{"start":{"line":180,"column":14},"end":{"line":180,"column":null}},"28":{"start":{"line":181,"column":14},"end":{"line":181,"column":null}},"29":{"start":{"line":184,"column":14},"end":{"line":184,"column":null}},"30":{"start":{"line":185,"column":14},"end":{"line":185,"column":null}},"31":{"start":{"line":188,"column":14},"end":{"line":188,"column":null}},"32":{"start":{"line":189,"column":14},"end":{"line":189,"column":null}}},"fnMap":{"0":{"name":"PilePage","decl":{"start":{"line":19,"column":24},"end":{"line":19,"column":null}},"loc":{"start":{"line":19,"column":24},"end":{"line":196,"column":null}}},"1":{"name":"(anonymous_3)","decl":{"start":{"line":114,"column":30},"end":{"line":114,"column":31}},"loc":{"start":{"line":114,"column":31},"end":{"line":116,"column":null}}},"2":{"name":"(anonymous_4)","decl":{"start":{"line":117,"column":30},"end":{"line":117,"column":31}},"loc":{"start":{"line":117,"column":31},"end":{"line":119,"column":null}}},"3":{"name":"(anonymous_5)","decl":{"start":{"line":154,"column":32},"end":{"line":154,"column":42}},"loc":{"start":{"line":154,"column":42},"end":{"line":159,"column":null}}},"4":{"name":"(anonymous_6)","decl":{"start":{"line":161,"column":29},"end":{"line":161,"column":30}},"loc":{"start":{"line":161,"column":30},"end":{"line":167,"column":null}}},"5":{"name":"(anonymous_7)","decl":{"start":{"line":163,"column":49},"end":{"line":163,"column":58}},"loc":{"start":{"line":163,"column":58},"end":{"line":163,"column":78}}},"6":{"name":"(anonymous_8)","decl":{"start":{"line":177,"column":21},"end":{"line":177,"column":27}},"loc":{"start":{"line":177,"column":27},"end":{"line":177,"column":null}}},"7":{"name":"(anonymous_9)","decl":{"start":{"line":179,"column":28},"end":{"line":179,"column":29}},"loc":{"start":{"line":179,"column":29},"end":{"line":182,"column":null}}},"8":{"name":"(anonymous_10)","decl":{"start":{"line":183,"column":28},"end":{"line":183,"column":29}},"loc":{"start":{"line":183,"column":29},"end":{"line":186,"column":null}}},"9":{"name":"(anonymous_11)","decl":{"start":{"line":187,"column":29},"end":{"line":187,"column":30}},"loc":{"start":{"line":187,"column":30},"end":{"line":190,"column":null}}}},"branchMap":{"0":{"loc":{"start":{"line":26,"column":2},"end":{"line":37,"column":null}},"type":"if","locations":[{"start":{"line":26,"column":2},"end":{"line":37,"column":null}}]},"1":{"loc":{"start":{"line":39,"column":2},"end":{"line":48,"column":null}},"type":"if","locations":[{"start":{"line":39,"column":2},"end":{"line":48,"column":null}}]},"2":{"loc":{"start":{"line":50,"column":2},"end":{"line":62,"column":null}},"type":"if","locations":[{"start":{"line":50,"column":2},"end":{"line":62,"column":null}}]},"3":{"loc":{"start":{"line":50,"column":6},"end":{"line":50,"column":34}},"type":"binary-expr","locations":[{"start":{"line":50,"column":6},"end":{"line":50,"column":15}},{"start":{"line":50,"column":15},"end":{"line":50,"column":34}}]},"4":{"loc":{"start":{"line":164,"column":18},"end":{"line":166,"column":null}},"type":"if","locations":[{"start":{"line":164,"column":18},"end":{"line":166,"column":null}}]},"5":{"loc":{"start":{"line":174,"column":9},"end":{"line":174,"column":null}},"type":"binary-expr","locations":[{"start":{"line":174,"column":9},"end":{"line":174,"column":null}}]}},"s":{"0":0,"1":0,"2":0,"3":0,"4":0,"5":0,"6":0,"7":0,"8":0,"9":0,"10":0,"11":0,"12":0,"13":0,"14":0,"15":0,"16":0,"17":0,"18":0,"19":0,"20":0,"21":0,"22":0,"23":0,"24":0,"25":0,"26":0,"27":0,"28":0,"29":0,"30":0,"31":0,"32":0},"f":{"0":0,"1":0,"2":0,"3":0,"4":0,"5":0,"6":0,"7":0,"8":0,"9":0},"b":{"0":[0],"1":[0],"2":[0],"3":[0,0],"4":[0],"5":[0]}}
,"/home/lrabbets/repos/the-pile/the-pile-web/src/app/stats/page.tsx": {"path":"/home/lrabbets/repos/the-pile/the-pile-web/src/app/stats/page.tsx","statementMap":{"0":{"start":{"line":11,"column":24},"end":{"line":11,"column":null}},"1":{"start":{"line":3,"column":25},"end":{"line":3,"column":null}},"2":{"start":{"line":4,"column":34},"end":{"line":4,"column":null}},"3":{"start":{"line":5,"column":24},"end":{"line":5,"column":null}},"4":{"start":{"line":6,"column":23},"end":{"line":6,"column":null}},"5":{"start":{"line":7,"column":87},"end":{"line":7,"column":null}},"6":{"start":{"line":8,"column":17},"end":{"line":8,"column":null}},"7":{"start":{"line":9,"column":52},"end":{"line":9,"column":null}},"8":{"start":{"line":12,"column":19},"end":{"line":12,"column":null}},"9":{"start":{"line":14,"column":25},"end":{"line":21,"column":null}},"10":{"start":{"line":17,"column":23},"end":{"line":17,"column":null}},"11":{"start":{"line":18,"column":6},"end":{"line":18,"column":null}},"12":{"start":{"line":23,"column":33},"end":{"line":30,"column":null}},"13":{"start":{"line":26,"column":23},"end":{"line":26,"column":null}},"14":{"start":{"line":27,"column":6},"end":{"line":27,"column":null}},"15":{"start":{"line":32,"column":31},"end":{"line":39,"column":null}},"16":{"start":{"line":35,"column":23},"end":{"line":35,"column":null}},"17":{"start":{"line":36,"column":6},"end":{"line":36,"column":null}},"18":{"start":{"line":41,"column":29},"end":{"line":48,"column":null}},"19":{"start":{"line":44,"column":23},"end":{"line":44,"column":null}},"20":{"start":{"line":45,"column":6},"end":{"line":45,"column":null}},"21":{"start":{"line":50,"column":2},"end":{"line":61,"column":null}},"22":{"start":{"line":63,"column":21},"end":{"line":63,"column":null}},"23":{"start":{"line":66,"column":16},"end":{"line":75,"column":null}},"24":{"start":{"line":68,"column":40},"end":{"line":68,"column":69}},"25":{"start":{"line":69,"column":39},"end":{"line":69,"column":67}},"26":{"start":{"line":70,"column":41},"end":{"line":70,"column":71}},"27":{"start":{"line":71,"column":41},"end":{"line":71,"column":71}},"28":{"start":{"line":72,"column":39},"end":{"line":72,"column":75}},"29":{"start":{"line":73,"column":44},"end":{"line":73,"column":74}},"30":{"start":{"line":74,"column":47},"end":{"line":74,"column":84}},"31":{"start":{"line":259,"column":16},"end":{"line":259,"column":33}}},"fnMap":{"0":{"name":"StatsPage","decl":{"start":{"line":11,"column":24},"end":{"line":11,"column":null}},"loc":{"start":{"line":11,"column":24},"end":{"line":288,"column":null}}},"1":{"name":"(anonymous_3)","decl":{"start":{"line":16,"column":13},"end":{"line":16,"column":null}},"loc":{"start":{"line":16,"column":13},"end":{"line":19,"column":null}}},"2":{"name":"(anonymous_4)","decl":{"start":{"line":25,"column":13},"end":{"line":25,"column":null}},"loc":{"start":{"line":25,"column":13},"end":{"line":28,"column":null}}},"3":{"name":"(anonymous_5)","decl":{"start":{"line":34,"column":13},"end":{"line":34,"column":null}},"loc":{"start":{"line":34,"column":13},"end":{"line":37,"column":null}}},"4":{"name":"(anonymous_6)","decl":{"start":{"line":43,"column":13},"end":{"line":43,"column":null}},"loc":{"start":{"line":43,"column":13},"end":{"line":46,"column":null}}},"5":{"name":"(anonymous_7)","decl":{"start":{"line":68,"column":31},"end":{"line":68,"column":40}},"loc":{"start":{"line":68,"column":40},"end":{"line":68,"column":69}}},"6":{"name":"(anonymous_8)","decl":{"start":{"line":69,"column":30},"end":{"line":69,"column":39}},"loc":{"start":{"line":69,"column":39},"end":{"line":69,"column":67}}},"7":{"name":"(anonymous_9)","decl":{"start":{"line":70,"column":32},"end":{"line":70,"column":41}},"loc":{"start":{"line":70,"column":41},"end":{"line":70,"column":71}}},"8":{"name":"(anonymous_10)","decl":{"start":{"line":71,"column":32},"end":{"line":71,"column":41}},"loc":{"start":{"line":71,"column":41},"end":{"line":71,"column":71}}},"9":{"name":"(anonymous_11)","decl":{"start":{"line":72,"column":30},"end":{"line":72,"column":39}},"loc":{"start":{"line":72,"column":39},"end":{"line":72,"column":75}}},"10":{"name":"(anonymous_12)","decl":{"start":{"line":73,"column":35},"end":{"line":73,"column":44}},"loc":{"start":{"line":73,"column":44},"end":{"line":73,"column":74}}},"11":{"name":"(anonymous_13)","decl":{"start":{"line":74,"column":31},"end":{"line":74,"column":32}},"loc":{"start":{"line":74,"column":47},"end":{"line":74,"column":84}}},"12":{"name":"(anonymous_14)","decl":{"start":{"line":258,"column":28},"end":{"line":258,"column":29}},"loc":{"start":{"line":259,"column":16},"end":{"line":259,"column":33}}}},"branchMap":{"0":{"loc":{"start":{"line":50,"column":2},"end":{"line":61,"column":null}},"type":"if","locations":[{"start":{"line":50,"column":2},"end":{"line":61,"column":null}}]},"1":{"loc":{"start":{"line":63,"column":21},"end":{"line":63,"column":null}},"type":"cond-expr","locations":[{"start":{"line":63,"column":34},"end":{"line":63,"column":74}},{"start":{"line":63,"column":74},"end":{"line":63,"column":null}}]},"2":{"loc":{"start":{"line":66,"column":16},"end":{"line":75,"column":null}},"type":"cond-expr","locations":[{"start":{"line":66,"column":23},"end":{"line":75,"column":6}},{"start":{"line":75,"column":6},"end":{"line":75,"column":null}}]},"3":{"loc":{"start":{"line":74,"column":54},"end":{"line":74,"column":84}},"type":"binary-expr","locations":[{"start":{"line":74,"column":54},"end":{"line":74,"column":76}},{"start":{"line":74,"column":80},"end":{"line":74,"column":84}}]},"4":{"loc":{"start":{"line":97,"column":9},"end":{"line":97,"column":null}},"type":"binary-expr","locations":[{"start":{"line":97,"column":9},"end":{"line":97,"column":null}}]},"5":{"loc":{"start":{"line":105,"column":17},"end":{"line":105,"column":null}},"type":"binary-expr","locations":[{"start":{"line":105,"column":17},"end":{"line":105,"column":null}}]},"6":{"loc":{"start":{"line":114,"column":15},"end":{"line":114,"column":null}},"type":"binary-expr","locations":[{"start":{"line":114,"column":15},"end":{"line":114,"column":42}},{"start":{"line":114,"column":42},"end":{"line":114,"column":null}}]},"7":{"loc":{"start":{"line":127,"column":15},"end":{"line":127,"column":null}},"type":"binary-expr","locations":[{"start":{"line":127,"column":15},"end":{"line":127,"column":36}},{"start":{"line":127,"column":36},"end":{"line":127,"column":null}}]},"8":{"loc":{"start":{"line":137,"column":15},"end":{"line":137,"column":null}},"type":"binary-expr","locations":[{"start":{"line":137,"column":15},"end":{"line":137,"column":39}},{"start":{"line":137,"column":39},"end":{"line":137,"column":null}}]},"9":{"loc":{"start":{"line":140,"column":15},"end":{"line":140,"column":86}},"type":"cond-expr","locations":[{"start":{"line":140,"column":23},"end":{"line":140,"column":84}},{"start":{"line":140,"column":84},"end":{"line":140,"column":86}}]},"10":{"loc":{"start":{"line":150,"column":15},"end":{"line":150,"column":null}},"type":"cond-expr","locations":[{"start":{"line":150,"column":30},"end":{"line":150,"column":74}},{"start":{"line":150,"column":74},"end":{"line":150,"column":null}}]},"11":{"loc":{"start":{"line":163,"column":15},"end":{"line":163,"column":null}},"type":"binary-expr","locations":[{"start":{"line":163,"column":15},"end":{"line":163,"column":60}},{"start":{"line":163,"column":60},"end":{"line":163,"column":null}}]},"12":{"loc":{"start":{"line":182,"column":49},"end":{"line":182,"column":null}},"type":"binary-expr","locations":[{"start":{"line":182,"column":49},"end":{"line":182,"column":73}},{"start":{"line":182,"column":73},"end":{"line":182,"column":null}}]},"13":{"loc":{"start":{"line":189,"column":49},"end":{"line":189,"column":null}},"type":"binary-expr","locations":[{"start":{"line":189,"column":49},"end":{"line":189,"column":72}},{"start":{"line":189,"column":72},"end":{"line":189,"column":null}}]},"14":{"loc":{"start":{"line":196,"column":49},"end":{"line":196,"column":null}},"type":"binary-expr","locations":[{"start":{"line":196,"column":49},"end":{"line":196,"column":74}},{"start":{"line":196,"column":74},"end":{"line":196,"column":null}}]},"15":{"loc":{"start":{"line":203,"column":49},"end":{"line":203,"column":null}},"type":"binary-expr","locations":[{"start":{"line":203,"column":49},"end":{"line":203,"column":74}},{"start":{"line":203,"column":74},"end":{"line":203,"column":null}}]},"16":{"loc":{"start":{"line":210,"column":49},"end":{"line":210,"column":null}},"type":"binary-expr","locations":[{"start":{"line":210,"column":49},"end":{"line":210,"column":72}},{"start":{"line":210,"column":72},"end":{"line":210,"column":null}}]},"17":{"loc":{"start":{"line":221,"column":53},"end":{"line":221,"column":null}},"type":"binary-expr","locations":[{"start":{"line":221,"column":53},"end":{"line":221,"column":81}},{"start":{"line":221,"column":81},"end":{"line":221,"column":null}}]},"18":{"loc":{"start":{"line":230,"column":19},"end":{"line":230,"column":68}},"type":"cond-expr","locations":[{"start":{"line":230,"column":27},"end":{"line":230,"column":66}},{"start":{"line":230,"column":66},"end":{"line":230,"column":68}}]},"19":{"loc":{"start":{"line":240,"column":19},"end":{"line":242,"column":null}},"type":"cond-expr","locations":[{"start":{"line":241,"column":22},"end":{"line":241,"column":null}},{"start":{"line":242,"column":22},"end":{"line":242,"column":null}}]},"20":{"loc":{"start":{"line":240,"column":19},"end":{"line":240,"column":null}},"type":"binary-expr","locations":[{"start":{"line":240,"column":19},"end":{"line":240,"column":28}},{"start":{"line":240,"column":28},"end":{"line":240,"column":null}}]},"21":{"loc":{"start":{"line":254,"column":9},"end":{"line":254,"column":21}},"type":"binary-expr","locations":[{"start":{"line":254,"column":9},"end":{"line":254,"column":21}},{"start":{"line":254,"column":21},"end":{"line":254,"column":null}}]}},"s":{"0":0,"1":0,"2":0,"3":0,"4":0,"5":0,"6":0,"7":0,"8":0,"9":0,"10":0,"11":0,"12":0,"13":0,"14":0,"15":0,"16":0,"17":0,"18":0,"19":0,"20":0,"21":0,"22":0,"23":0,"24":0,"25":0,"26":0,"27":0,"28":0,"29":0,"30":0,"31":0},"f":{"0":0,"1":0,"2":0,"3":0,"4":0,"5":0,"6":0,"7":0,"8":0,"9":0,"10":0,"11":0,"12":0},"b":{"0":[0],"1":[0,0],"2":[0,0],"3":[0,0],"4":[0],"5":[0],"6":[0,0],"7":[0,0],"8":[0,0],"9":[0,0],"10":[0,0],"11":[0,0],"12":[0,0],"13":[0,0],"14":[0,0],"15":[0,0],"16":[0,0],"17":[0,0],"18":[0,0],"19":[0,0],"20":[0,0],"21":[0,0]}}
,"/home/lrabbets/repos/the-pile/the-pile-web/src/components/ecosystem-monument.tsx": {"path":"/home/lrabbets/repos/the-pile/the-pile-web/src/components/ecosystem-monument.tsx","statementMap":{"0":{"start":{"line":111,"column":16},"end":{"line":111,"column":34}},"1":{"start":{"line":3,"column":72},"end":{"line":3,"column":null}},"2":{"start":{"line":4,"column":40},"end":{"line":4,"column":null}},"3":{"start":{"line":5,"column":24},"end":{"line":5,"column":null}},"4":{"start":{"line":6,"column":33},"end":{"line":6,"column":null}},"5":{"start":{"line":7,"column":23},"end":{"line":7,"column":null}},"6":{"start":{"line":34,"column":27},"end":{"line":43,"column":null}},"7":{"start":{"line":35,"column":2},"end":{"line":42,"column":null}},"8":{"start":{"line":36,"column":21},"end":{"line":36,"column":null}},"9":{"start":{"line":37,"column":20},"end":{"line":37,"column":null}},"10":{"start":{"line":38,"column":22},"end":{"line":38,"column":null}},"11":{"start":{"line":39,"column":22},"end":{"line":39,"column":null}},"12":{"start":{"line":40,"column":28},"end":{"line":40,"column":null}},"13":{"start":{"line":41,"column":13},"end":{"line":41,"column":null}},"14":{"start":{"line":45,"column":22},"end":{"line":59,"column":null}},"15":{"start":{"line":46,"column":2},"end":{"line":58,"column":null}},"16":{"start":{"line":57,"column":6},"end":{"line":57,"column":null}},"17":{"start":{"line":61,"column":20},"end":{"line":77,"column":null}},"18":{"start":{"line":63,"column":19},"end":{"line":63,"column":null}},"19":{"start":{"line":64,"column":24},"end":{"line":64,"column":null}},"20":{"start":{"line":67,"column":21},"end":{"line":67,"column":null}},"21":{"start":{"line":69,"column":2},"end":{"line":76,"column":null}},"22":{"start":{"line":75,"column":13},"end":{"line":75,"column":null}},"23":{"start":{"line":80,"column":24},"end":{"line":109,"column":null}},"24":{"start":{"line":82,"column":20},"end":{"line":82,"column":null}},"25":{"start":{"line":83,"column":15},"end":{"line":86,"column":null}},"26":{"start":{"line":84,"column":4},"end":{"line":84,"column":null}},"27":{"start":{"line":85,"column":4},"end":{"line":85,"column":null}},"28":{"start":{"line":88,"column":24},"end":{"line":88,"column":null}},"29":{"start":{"line":89,"column":24},"end":{"line":89,"column":null}},"30":{"start":{"line":92,"column":22},"end":{"line":92,"column":null}},"31":{"start":{"line":93,"column":16},"end":{"line":93,"column":null}},"32":{"start":{"line":94,"column":20},"end":{"line":94,"column":null}},"33":{"start":{"line":95,"column":17},"end":{"line":95,"column":null}},"34":{"start":{"line":97,"column":18},"end":{"line":97,"column":null}},"35":{"start":{"line":98,"column":18},"end":{"line":98,"column":null}},"36":{"start":{"line":101,"column":17},"end":{"line":101,"column":null}},"37":{"start":{"line":102,"column":12},"end":{"line":102,"column":null}},"38":{"start":{"line":103,"column":12},"end":{"line":103,"column":null}},"39":{"start":{"line":105,"column":2},"end":{"line":108,"column":null}},"40":{"start":{"line":112,"column":40},"end":{"line":112,"column":null}},"41":{"start":{"line":113,"column":17},"end":{"line":113,"column":null}},"42":{"start":{"line":116,"column":24},"end":{"line":148,"column":null}},"43":{"start":{"line":117,"column":4},"end":{"line":117,"column":null}},"44":{"start":{"line":117,"column":25},"end":{"line":117,"column":null}},"45":{"start":{"line":119,"column":16},"end":{"line":119,"column":30}},"46":{"start":{"line":120,"column":20},"end":{"line":120,"column":null}},"47":{"start":{"line":121,"column":19},"end":{"line":121,"column":null}},"48":{"start":{"line":122,"column":16},"end":{"line":122,"column":null}},"49":{"start":{"line":123,"column":16},"end":{"line":123,"column":null}},"50":{"start":{"line":126,"column":4},"end":{"line":126,"column":null}},"51":{"start":{"line":128,"column":4},"end":{"line":145,"column":null}},"52":{"start":{"line":129,"column":6},"end":{"line":144,"column":null}},"53":{"start":{"line":131,"column":8},"end":{"line":131,"column":null}},"54":{"start":{"line":134,"column":8},"end":{"line":143,"column":null}},"55":{"start":{"line":135,"column":10},"end":{"line":142,"column":null}},"56":{"start":{"line":136,"column":24},"end":{"line":136,"column":null}},"57":{"start":{"line":137,"column":22},"end":{"line":137,"column":null}},"58":{"start":{"line":138,"column":12},"end":{"line":138,"column":null}},"59":{"start":{"line":139,"column":12},"end":{"line":139,"column":null}},"60":{"start":{"line":140,"column":12},"end":{"line":140,"column":null}},"61":{"start":{"line":141,"column":12},"end":{"line":141,"column":null}},"62":{"start":{"line":147,"column":4},"end":{"line":147,"column":null}},"63":{"start":{"line":150,"column":23},"end":{"line":179,"column":null}},"64":{"start":{"line":151,"column":23},"end":{"line":170,"column":null}},"65":{"start":{"line":163,"column":42},"end":{"line":169,"column":null}},"66":{"start":{"line":172,"column":17},"end":{"line":172,"column":null}},"67":{"start":{"line":173,"column":16},"end":{"line":173,"column":null}},"68":{"start":{"line":174,"column":14},"end":{"line":174,"column":null}},"69":{"start":{"line":175,"column":4},"end":{"line":175,"column":null}},"70":{"start":{"line":176,"column":4},"end":{"line":176,"column":null}},"71":{"start":{"line":177,"column":4},"end":{"line":177,"column":null}},"72":{"start":{"line":178,"column":4},"end":{"line":178,"column":null}},"73":{"start":{"line":181,"column":25},"end":{"line":198,"column":null}},"74":{"start":{"line":182,"column":4},"end":{"line":197,"column":null}},"75":{"start":{"line":183,"column":6},"end":{"line":191,"column":null}},"76":{"start":{"line":184,"column":8},"end":{"line":188,"column":null}},"77":{"start":{"line":190,"column":8},"end":{"line":190,"column":null}},"78":{"start":{"line":194,"column":19},"end":{"line":194,"column":211}},"79":{"start":{"line":195,"column":6},"end":{"line":195,"column":null}},"80":{"start":{"line":196,"column":6},"end":{"line":196,"column":null}},"81":{"start":{"line":201,"column":2},"end":{"line":219,"column":null}},"82":{"start":{"line":222,"column":24},"end":{"line":228,"column":null}},"83":{"start":{"line":223,"column":22},"end":{"line":223,"column":34}},"84":{"start":{"line":224,"column":4},"end":{"line":224,"column":null}},"85":{"start":{"line":224,"column":25},"end":{"line":224,"column":null}},"86":{"start":{"line":225,"column":4},"end":{"line":225,"column":null}},"87":{"start":{"line":225,"column":25},"end":{"line":225,"column":null}},"88":{"start":{"line":226,"column":4},"end":{"line":226,"column":null}},"89":{"start":{"line":226,"column":26},"end":{"line":226,"column":null}},"90":{"start":{"line":231,"column":23},"end":{"line":270,"column":null}},"91":{"start":{"line":233,"column":24},"end":{"line":233,"column":null}},"92":{"start":{"line":234,"column":4},"end":{"line":247,"column":null}},"93":{"start":{"line":236,"column":51},"end":{"line":242,"column":null}},"94":{"start":{"line":243,"column":27},"end":{"line":243,"column":50}},"95":{"start":{"line":244,"column":6},"end":{"line":246,"column":null}},"96":{"start":{"line":245,"column":8},"end":{"line":245,"column":null}},"97":{"start":{"line":245,"column":45},"end":{"line":245,"column":null}},"98":{"start":{"line":250,"column":27},"end":{"line":250,"column":null}},"99":{"start":{"line":251,"column":27},"end":{"line":251,"column":null}},"100":{"start":{"line":251,"column":79},"end":{"line":251,"column":144}},"101":{"start":{"line":253,"column":4},"end":{"line":269,"column":null}},"102":{"start":{"line":254,"column":19},"end":{"line":254,"column":null}},"103":{"start":{"line":255,"column":21},"end":{"line":255,"column":null}},"104":{"start":{"line":256,"column":19},"end":{"line":256,"column":null}},"105":{"start":{"line":257,"column":23},"end":{"line":257,"column":null}},"106":{"start":{"line":259,"column":6},"end":{"line":268,"column":null}},"107":{"start":{"line":273,"column":25},"end":{"line":283,"column":null}},"108":{"start":{"line":274,"column":18},"end":{"line":274,"column":30}},"109":{"start":{"line":275,"column":21},"end":{"line":275,"column":70}},"110":{"start":{"line":275,"column":39},"end":{"line":275,"column":64}},"111":{"start":{"line":276,"column":20},"end":{"line":276,"column":68}},"112":{"start":{"line":276,"column":38},"end":{"line":276,"column":62}},"113":{"start":{"line":277,"column":22},"end":{"line":277,"column":72}},"114":{"start":{"line":277,"column":40},"end":{"line":277,"column":66}},"115":{"start":{"line":278,"column":20},"end":{"line":278,"column":76}},"116":{"start":{"line":278,"column":38},"end":{"line":278,"column":70}},"117":{"start":{"line":280,"column":24},"end":{"line":280,"column":null}},"118":{"start":{"line":282,"column":4},"end":{"line":282,"column":null}},"119":{"start":{"line":285,"column":25},"end":{"line":290,"column":null}},"120":{"start":{"line":286,"column":4},"end":{"line":286,"column":null}},"121":{"start":{"line":286,"column":23},"end":{"line":286,"column":null}},"122":{"start":{"line":287,"column":4},"end":{"line":287,"column":null}},"123":{"start":{"line":287,"column":22},"end":{"line":287,"column":null}},"124":{"start":{"line":288,"column":18},"end":{"line":288,"column":null}},"125":{"start":{"line":289,"column":4},"end":{"line":289,"column":null}},"126":{"start":{"line":292,"column":30},"end":{"line":306,"column":null}},"127":{"start":{"line":293,"column":49},"end":{"line":293,"column":null}},"128":{"start":{"line":295,"column":4},"end":{"line":305,"column":null}},"129":{"start":{"line":296,"column":6},"end":{"line":296,"column":null}},"130":{"start":{"line":297,"column":11},"end":{"line":305,"column":null}},"131":{"start":{"line":298,"column":6},"end":{"line":298,"column":null}},"132":{"start":{"line":299,"column":11},"end":{"line":305,"column":null}},"133":{"start":{"line":300,"column":6},"end":{"line":300,"column":null}},"134":{"start":{"line":301,"column":11},"end":{"line":305,"column":null}},"135":{"start":{"line":302,"column":6},"end":{"line":302,"column":null}},"136":{"start":{"line":304,"column":6},"end":{"line":304,"column":null}},"137":{"start":{"line":332,"column":28},"end":{"line":517,"column":null}},"138":{"start":{"line":333,"column":22},"end":{"line":333,"column":48}},"139":{"start":{"line":334,"column":23},"end":{"line":334,"column":null}},"140":{"start":{"line":335,"column":18},"end":{"line":335,"column":null}},"141":{"start":{"line":337,"column":4},"end":{"line":516,"column":null}},"142":{"start":{"line":339,"column":8},"end":{"line":340,"column":48}},"143":{"start":{"line":370,"column":8},"end":{"line":371,"column":48}},"144":{"start":{"line":433,"column":8},"end":{"line":434,"column":48}},"145":{"start":{"line":479,"column":8},"end":{"line":480,"column":48}},"146":{"start":{"line":515,"column":8},"end":{"line":515,"column":null}},"147":{"start":{"line":551,"column":41},"end":{"line":551,"column":null}},"148":{"start":{"line":572,"column":12},"end":{"line":573,"column":null}},"149":{"start":{"line":579,"column":34},"end":{"line":579,"column":null}},"150":{"start":{"line":580,"column":34},"end":{"line":580,"column":null}},"151":{"start":{"line":581,"column":29},"end":{"line":581,"column":null}},"152":{"start":{"line":590,"column":30},"end":{"line":590,"column":null}},"153":{"start":{"line":590,"column":53},"end":{"line":590,"column":null}},"154":{"start":{"line":591,"column":14},"end":{"line":591,"column":null}},"155":{"start":{"line":591,"column":28},"end":{"line":591,"column":null}}},"fnMap":{"0":{"name":"(anonymous_5)","decl":{"start":{"line":34,"column":27},"end":{"line":34,"column":28}},"loc":{"start":{"line":34,"column":28},"end":{"line":43,"column":null}}},"1":{"name":"(anonymous_6)","decl":{"start":{"line":45,"column":22},"end":{"line":45,"column":23}},"loc":{"start":{"line":45,"column":23},"end":{"line":59,"column":null}}},"2":{"name":"(anonymous_7)","decl":{"start":{"line":61,"column":20},"end":{"line":61,"column":21}},"loc":{"start":{"line":61,"column":69},"end":{"line":77,"column":null}}},"3":{"name":"(anonymous_8)","decl":{"start":{"line":80,"column":24},"end":{"line":80,"column":25}},"loc":{"start":{"line":80,"column":80},"end":{"line":109,"column":null}}},"4":{"name":"(anonymous_9)","decl":{"start":{"line":83,"column":42},"end":{"line":83,"column":43}},"loc":{"start":{"line":83,"column":46},"end":{"line":86,"column":5}}},"5":{"name":"EcosystemMonument","decl":{"start":{"line":111,"column":16},"end":{"line":111,"column":34}},"loc":{"start":{"line":111,"column":110},"end":{"line":678,"column":null}}},"6":{"name":"(anonymous_11)","decl":{"start":{"line":116,"column":24},"end":{"line":116,"column":null}},"loc":{"start":{"line":116,"column":24},"end":{"line":148,"column":null}}},"7":{"name":"(anonymous_12)","decl":{"start":{"line":128,"column":17},"end":{"line":128,"column":null}},"loc":{"start":{"line":128,"column":17},"end":{"line":145,"column":null}}},"8":{"name":"(anonymous_13)","decl":{"start":{"line":134,"column":22},"end":{"line":134,"column":null}},"loc":{"start":{"line":134,"column":22},"end":{"line":143,"column":null}}},"9":{"name":"(anonymous_14)","decl":{"start":{"line":150,"column":23},"end":{"line":150,"column":null}},"loc":{"start":{"line":150,"column":23},"end":{"line":179,"column":null}}},"10":{"name":"(anonymous_15)","decl":{"start":{"line":163,"column":30},"end":{"line":163,"column":42}},"loc":{"start":{"line":163,"column":42},"end":{"line":169,"column":null}}},"11":{"name":"(anonymous_16)","decl":{"start":{"line":181,"column":25},"end":{"line":181,"column":null}},"loc":{"start":{"line":181,"column":25},"end":{"line":198,"column":null}}},"12":{"name":"(anonymous_17)","decl":{"start":{"line":222,"column":32},"end":{"line":222,"column":null}},"loc":{"start":{"line":222,"column":32},"end":{"line":228,"column":5}}},"13":{"name":"(anonymous_18)","decl":{"start":{"line":231,"column":31},"end":{"line":231,"column":null}},"loc":{"start":{"line":231,"column":31},"end":{"line":270,"column":5}}},"14":{"name":"(anonymous_19)","decl":{"start":{"line":245,"column":37},"end":{"line":245,"column":45}},"loc":{"start":{"line":245,"column":45},"end":{"line":245,"column":null}}},"15":{"name":"(anonymous_20)","decl":{"start":{"line":251,"column":65},"end":{"line":251,"column":66}},"loc":{"start":{"line":251,"column":79},"end":{"line":251,"column":144}}},"16":{"name":"(anonymous_21)","decl":{"start":{"line":253,"column":30},"end":{"line":253,"column":31}},"loc":{"start":{"line":253,"column":37},"end":{"line":269,"column":null}}},"17":{"name":"(anonymous_22)","decl":{"start":{"line":273,"column":33},"end":{"line":273,"column":null}},"loc":{"start":{"line":273,"column":33},"end":{"line":283,"column":5}}},"18":{"name":"(anonymous_23)","decl":{"start":{"line":275,"column":34},"end":{"line":275,"column":39}},"loc":{"start":{"line":275,"column":39},"end":{"line":275,"column":64}}},"19":{"name":"(anonymous_24)","decl":{"start":{"line":276,"column":33},"end":{"line":276,"column":38}},"loc":{"start":{"line":276,"column":38},"end":{"line":276,"column":62}}},"20":{"name":"(anonymous_25)","decl":{"start":{"line":277,"column":35},"end":{"line":277,"column":40}},"loc":{"start":{"line":277,"column":40},"end":{"line":277,"column":66}}},"21":{"name":"(anonymous_26)","decl":{"start":{"line":278,"column":33},"end":{"line":278,"column":38}},"loc":{"start":{"line":278,"column":38},"end":{"line":278,"column":70}}},"22":{"name":"(anonymous_27)","decl":{"start":{"line":285,"column":25},"end":{"line":285,"column":26}},"loc":{"start":{"line":285,"column":26},"end":{"line":290,"column":null}}},"23":{"name":"(anonymous_28)","decl":{"start":{"line":292,"column":30},"end":{"line":292,"column":null}},"loc":{"start":{"line":292,"column":30},"end":{"line":306,"column":null}}},"24":{"name":"(anonymous_30)","decl":{"start":{"line":332,"column":28},"end":{"line":332,"column":29}},"loc":{"start":{"line":332,"column":29},"end":{"line":517,"column":null}}},"25":{"name":"(anonymous_31)","decl":{"start":{"line":551,"column":30},"end":{"line":551,"column":41}},"loc":{"start":{"line":551,"column":41},"end":{"line":551,"column":null}}},"26":{"name":"(anonymous_32)","decl":{"start":{"line":571,"column":28},"end":{"line":571,"column":null}},"loc":{"start":{"line":572,"column":12},"end":{"line":573,"column":null}}},"27":{"name":"(anonymous_33)","decl":{"start":{"line":579,"column":28},"end":{"line":579,"column":34}},"loc":{"start":{"line":579,"column":34},"end":{"line":579,"column":null}}},"28":{"name":"(anonymous_34)","decl":{"start":{"line":580,"column":28},"end":{"line":580,"column":34}},"loc":{"start":{"line":580,"column":34},"end":{"line":580,"column":null}}},"29":{"name":"(anonymous_35)","decl":{"start":{"line":581,"column":23},"end":{"line":581,"column":29}},"loc":{"start":{"line":581,"column":29},"end":{"line":581,"column":null}}},"30":{"name":"(anonymous_36)","decl":{"start":{"line":589,"column":14},"end":{"line":589,"column":null}},"loc":{"start":{"line":589,"column":14},"end":{"line":606,"column":null}}},"31":{"name":"(anonymous_37)","decl":{"start":{"line":590,"column":48},"end":{"line":590,"column":53}},"loc":{"start":{"line":590,"column":53},"end":{"line":590,"column":null}}}},"branchMap":{"0":{"loc":{"start":{"line":35,"column":2},"end":{"line":42,"column":null}},"type":"switch","locations":[{"start":{"line":36,"column":4},"end":{"line":36,"column":null}},{"start":{"line":37,"column":4},"end":{"line":37,"column":null}},{"start":{"line":38,"column":4},"end":{"line":38,"column":null}},{"start":{"line":39,"column":4},"end":{"line":39,"column":null}},{"start":{"line":40,"column":4},"end":{"line":40,"column":null}},{"start":{"line":41,"column":4},"end":{"line":41,"column":null}}]},"1":{"loc":{"start":{"line":46,"column":2},"end":{"line":58,"column":null}},"type":"switch","locations":[{"start":{"line":53,"column":4},"end":{"line":53,"column":null}},{"start":{"line":56,"column":4},"end":{"line":57,"column":null}}]},"2":{"loc":{"start":{"line":63,"column":19},"end":{"line":63,"column":null}},"type":"cond-expr","locations":[{"start":{"line":63,"column":38},"end":{"line":63,"column":43}},{"start":{"line":63,"column":43},"end":{"line":63,"column":null}}]},"3":{"loc":{"start":{"line":63,"column":43},"end":{"line":63,"column":null}},"type":"cond-expr","locations":[{"start":{"line":63,"column":62},"end":{"line":63,"column":66}},{"start":{"line":63,"column":66},"end":{"line":63,"column":null}}]},"4":{"loc":{"start":{"line":63,"column":66},"end":{"line":63,"column":null}},"type":"cond-expr","locations":[{"start":{"line":63,"column":86},"end":{"line":63,"column":90}},{"start":{"line":63,"column":90},"end":{"line":63,"column":null}}]},"5":{"loc":{"start":{"line":67,"column":21},"end":{"line":67,"column":null}},"type":"cond-expr","locations":[{"start":{"line":67,"column":40},"end":{"line":67,"column":46}},{"start":{"line":67,"column":46},"end":{"line":67,"column":null}}]},"6":{"loc":{"start":{"line":69,"column":2},"end":{"line":76,"column":null}},"type":"switch","locations":[{"start":{"line":75,"column":4},"end":{"line":75,"column":null}}]},"7":{"loc":{"start":{"line":92,"column":22},"end":{"line":92,"column":null}},"type":"cond-expr","locations":[{"start":{"line":92,"column":36},"end":{"line":92,"column":40}},{"start":{"line":92,"column":40},"end":{"line":92,"column":null}}]},"8":{"loc":{"start":{"line":92,"column":40},"end":{"line":92,"column":null}},"type":"cond-expr","locations":[{"start":{"line":92,"column":54},"end":{"line":92,"column":58}},{"start":{"line":92,"column":58},"end":{"line":92,"column":null}}]},"9":{"loc":{"start":{"line":101,"column":17},"end":{"line":101,"column":null}},"type":"cond-expr","locations":[{"start":{"line":101,"column":31},"end":{"line":101,"column":36}},{"start":{"line":101,"column":36},"end":{"line":101,"column":null}}]},"10":{"loc":{"start":{"line":101,"column":36},"end":{"line":101,"column":null}},"type":"cond-expr","locations":[{"start":{"line":101,"column":51},"end":{"line":101,"column":56}},{"start":{"line":101,"column":56},"end":{"line":101,"column":null}}]},"11":{"loc":{"start":{"line":111,"column":56},"end":{"line":111,"column":70}},"type":"default-arg","locations":[{"start":{"line":111,"column":68},"end":{"line":111,"column":70}}]},"12":{"loc":{"start":{"line":117,"column":4},"end":{"line":117,"column":null}},"type":"if","locations":[{"start":{"line":117,"column":4},"end":{"line":117,"column":null}}]},"13":{"loc":{"start":{"line":129,"column":6},"end":{"line":144,"column":null}},"type":"if","locations":[{"start":{"line":129,"column":6},"end":{"line":144,"column":null}}]},"14":{"loc":{"start":{"line":135,"column":10},"end":{"line":142,"column":null}},"type":"if","locations":[{"start":{"line":135,"column":10},"end":{"line":142,"column":null}}]},"15":{"loc":{"start":{"line":182,"column":4},"end":{"line":197,"column":null}},"type":"if","locations":[{"start":{"line":182,"column":4},"end":{"line":197,"column":null}},{"start":{"line":192,"column":11},"end":{"line":197,"column":null}}]},"16":{"loc":{"start":{"line":201,"column":2},"end":{"line":219,"column":null}},"type":"if","locations":[{"start":{"line":201,"column":2},"end":{"line":219,"column":null}}]},"17":{"loc":{"start":{"line":201,"column":6},"end":{"line":201,"column":36}},"type":"binary-expr","locations":[{"start":{"line":201,"column":6},"end":{"line":201,"column":16}},{"start":{"line":201,"column":16},"end":{"line":201,"column":36}}]},"18":{"loc":{"start":{"line":209,"column":17},"end":{"line":209,"column":null}},"type":"cond-expr","locations":[{"start":{"line":209,"column":32},"end":{"line":209,"column":58}},{"start":{"line":209,"column":61},"end":{"line":209,"column":null}}]},"19":{"loc":{"start":{"line":212,"column":17},"end":{"line":212,"column":null}},"type":"cond-expr","locations":[{"start":{"line":212,"column":32},"end":{"line":212,"column":84}},{"start":{"line":212,"column":84},"end":{"line":212,"column":null}}]},"20":{"loc":{"start":{"line":224,"column":4},"end":{"line":224,"column":null}},"type":"if","locations":[{"start":{"line":224,"column":4},"end":{"line":224,"column":null}}]},"21":{"loc":{"start":{"line":225,"column":4},"end":{"line":225,"column":null}},"type":"if","locations":[{"start":{"line":225,"column":4},"end":{"line":225,"column":null}}]},"22":{"loc":{"start":{"line":226,"column":4},"end":{"line":226,"column":null}},"type":"if","locations":[{"start":{"line":226,"column":4},"end":{"line":226,"column":null}}]},"23":{"loc":{"start":{"line":234,"column":4},"end":{"line":247,"column":null}},"type":"if","locations":[{"start":{"line":234,"column":4},"end":{"line":247,"column":null}}]},"24":{"loc":{"start":{"line":244,"column":6},"end":{"line":246,"column":null}},"type":"if","locations":[{"start":{"line":244,"column":6},"end":{"line":246,"column":null}}]},"25":{"loc":{"start":{"line":251,"column":27},"end":{"line":251,"column":null}},"type":"cond-expr","locations":[{"start":{"line":251,"column":44},"end":{"line":251,"column":144}},{"start":{"line":251,"column":144},"end":{"line":251,"column":null}}]},"26":{"loc":{"start":{"line":251,"column":79},"end":{"line":251,"column":144}},"type":"binary-expr","locations":[{"start":{"line":251,"column":79},"end":{"line":251,"column":98}},{"start":{"line":251,"column":98},"end":{"line":251,"column":144}}]},"27":{"loc":{"start":{"line":280,"column":24},"end":{"line":280,"column":null}},"type":"cond-expr","locations":[{"start":{"line":280,"column":36},"end":{"line":280,"column":82}},{"start":{"line":280,"column":82},"end":{"line":280,"column":null}}]},"28":{"loc":{"start":{"line":286,"column":4},"end":{"line":286,"column":null}},"type":"if","locations":[{"start":{"line":286,"column":4},"end":{"line":286,"column":null}}]},"29":{"loc":{"start":{"line":287,"column":4},"end":{"line":287,"column":null}},"type":"if","locations":[{"start":{"line":287,"column":4},"end":{"line":287,"column":null}}]},"30":{"loc":{"start":{"line":295,"column":4},"end":{"line":305,"column":null}},"type":"if","locations":[{"start":{"line":295,"column":4},"end":{"line":305,"column":null}},{"start":{"line":297,"column":11},"end":{"line":305,"column":null}}]},"31":{"loc":{"start":{"line":295,"column":8},"end":{"line":295,"column":42}},"type":"binary-expr","locations":[{"start":{"line":295,"column":8},"end":{"line":295,"column":27}},{"start":{"line":295,"column":27},"end":{"line":295,"column":42}}]},"32":{"loc":{"start":{"line":297,"column":11},"end":{"line":305,"column":null}},"type":"if","locations":[{"start":{"line":297,"column":11},"end":{"line":305,"column":null}},{"start":{"line":299,"column":11},"end":{"line":305,"column":null}}]},"33":{"loc":{"start":{"line":299,"column":11},"end":{"line":305,"column":null}},"type":"if","locations":[{"start":{"line":299,"column":11},"end":{"line":305,"column":null}},{"start":{"line":301,"column":11},"end":{"line":305,"column":null}}]},"34":{"loc":{"start":{"line":301,"column":11},"end":{"line":305,"column":null}},"type":"if","locations":[{"start":{"line":301,"column":11},"end":{"line":305,"column":null}},{"start":{"line":303,"column":11},"end":{"line":305,"column":null}}]},"35":{"loc":{"start":{"line":334,"column":23},"end":{"line":334,"column":null}},"type":"binary-expr","locations":[{"start":{"line":334,"column":23},"end":{"line":334,"column":39}},{"start":{"line":334,"column":39},"end":{"line":334,"column":null}}]},"36":{"loc":{"start":{"line":335,"column":18},"end":{"line":335,"column":null}},"type":"cond-expr","locations":[{"start":{"line":335,"column":30},"end":{"line":335,"column":36}},{"start":{"line":335,"column":36},"end":{"line":335,"column":null}}]},"37":{"loc":{"start":{"line":335,"column":36},"end":{"line":335,"column":null}},"type":"cond-expr","locations":[{"start":{"line":335,"column":49},"end":{"line":335,"column":55}},{"start":{"line":335,"column":55},"end":{"line":335,"column":null}}]},"38":{"loc":{"start":{"line":337,"column":4},"end":{"line":516,"column":null}},"type":"switch","locations":[{"start":{"line":338,"column":6},"end":{"line":340,"column":48}},{"start":{"line":369,"column":6},"end":{"line":371,"column":48}},{"start":{"line":432,"column":6},"end":{"line":434,"column":48}},{"start":{"line":478,"column":6},"end":{"line":480,"column":48}},{"start":{"line":514,"column":6},"end":{"line":515,"column":null}}]},"39":{"loc":{"start":{"line":350,"column":24},"end":{"line":350,"column":null}},"type":"cond-expr","locations":[{"start":{"line":350,"column":36},"end":{"line":350,"column":79}},{"start":{"line":350,"column":82},"end":{"line":350,"column":null}}]},"40":{"loc":{"start":{"line":396,"column":24},"end":{"line":396,"column":null}},"type":"cond-expr","locations":[{"start":{"line":396,"column":36},"end":{"line":396,"column":79}},{"start":{"line":396,"column":82},"end":{"line":396,"column":null}}]},"41":{"loc":{"start":{"line":458,"column":24},"end":{"line":458,"column":126}},"type":"cond-expr","locations":[{"start":{"line":458,"column":36},"end":{"line":458,"column":80}},{"start":{"line":458,"column":83},"end":{"line":458,"column":126}}]},"42":{"loc":{"start":{"line":490,"column":24},"end":{"line":490,"column":null}},"type":"cond-expr","locations":[{"start":{"line":490,"column":36},"end":{"line":490,"column":79}},{"start":{"line":490,"column":82},"end":{"line":490,"column":null}}]},"43":{"loc":{"start":{"line":495,"column":13},"end":{"line":495,"column":null}},"type":"binary-expr","locations":[{"start":{"line":495,"column":13},"end":{"line":495,"column":null}}]},"44":{"loc":{"start":{"line":587,"column":9},"end":{"line":587,"column":null}},"type":"binary-expr","locations":[{"start":{"line":587,"column":9},"end":{"line":587,"column":null}}]},"45":{"loc":{"start":{"line":591,"column":14},"end":{"line":591,"column":null}},"type":"if","locations":[{"start":{"line":591,"column":14},"end":{"line":591,"column":null}}]}},"s":{"0":0,"1":0,"2":0,"3":0,"4":0,"5":0,"6":0,"7":0,"8":0,"9":0,"10":0,"11":0,"12":0,"13":0,"14":0,"15":0,"16":0,"17":0,"18":0,"19":0,"20":0,"21":0,"22":0,"23":0,"24":0,"25":0,"26":0,"27":0,"28":0,"29":0,"30":0,"31":0,"32":0,"33":0,"34":0,"35":0,"36":0,"37":0,"38":0,"39":0,"40":0,"41":0,"42":0,"43":0,"44":0,"45":0,"46":0,"47":0,"48":0,"49":0,"50":0,"51":0,"52":0,"53":0,"54":0,"55":0,"56":0,"57":0,"58":0,"59":0,"60":0,"61":0,"62":0,"63":0,"64":0,"65":0,"66":0,"67":0,"68":0,"69":0,"70":0,"71":0,"72":0,"73":0,"74":0,"75":0,"76":0,"77":0,"78":0,"79":0,"80":0,"81":0,"82":0,"83":0,"84":0,"85":0,"86":0,"87":0,"88":0,"89":0,"90":0,"91":0,"92":0,"93":0,"94":0,"95":0,"96":0,"97":0,"98":0,"99":0,"100":0,"101":0,"102":0,"103":0,"104":0,"105":0,"106":0,"107":0,"108":0,"109":0,"110":0,"111":0,"112":0,"113":0,"114":0,"115":0,"116":0,"117":0,"118":0,"119":0,"120":0,"121":0,"122":0,"123":0,"124":0,"125":0,"126":0,"127":0,"128":0,"129":0,"130":0,"131":0,"132":0,"133":0,"134":0,"135":0,"136":0,"137":0,"138":0,"139":0,"140":0,"141":0,"142":0,"143":0,"144":0,"145":0,"146":0,"147":0,"148":0,"149":0,"150":0,"151":0,"152":0,"153":0,"154":0,"155":0},"f":{"0":0,"1":0,"2":0,"3":0,"4":0,"5":0,"6":0,"7":0,"8":0,"9":0,"10":0,"11":0,"12":0,"13":0,"14":0,"15":0,"16":0,"17":0,"18":0,"19":0,"20":0,"21":0,"22":0,"23":0,"24":0,"25":0,"26":0,"27":0,"28":0,"29":0,"30":0,"31":0},"b":{"0":[0,0,0,0,0,0],"1":[0,0],"2":[0,0],"3":[0,0],"4":[0,0],"5":[0,0],"6":[0],"7":[0,0],"8":[0,0],"9":[0,0],"10":[0,0],"11":[0],"12":[0],"13":[0],"14":[0],"15":[0,0],"16":[0],"17":[0,0],"18":[0,0],"19":[0,0],"20":[0],"21":[0],"22":[0],"23":[0],"24":[0],"25":[0,0],"26":[0,0],"27":[0,0],"28":[0],"29":[0],"30":[0,0],"31":[0,0],"32":[0,0],"33":[0,0],"34":[0,0],"35":[0,0],"36":[0,0],"37":[0,0],"38":[0,0,0,0,0],"39":[0,0],"40":[0,0],"41":[0,0],"42":[0,0],"43":[0],"44":[0],"45":[0]}}
,"/home/lrabbets/repos/the-pile/the-pile-web/src/components/game-detail-modal.tsx": {"path":"/home/lrabbets/repos/the-pile/the-pile-web/src/components/game-detail-modal.tsx","statementMap":{"0":{"start":{"line":76,"column":16},"end":{"line":76,"column":32}},"1":{"start":{"line":3,"column":33},"end":{"line":3,"column":null}},"2":{"start":{"line":4,"column":95},"end":{"line":4,"column":null}},"3":{"start":{"line":5,"column":23},"end":{"line":5,"column":null}},"4":{"start":{"line":38,"column":21},"end":{"line":74,"column":null}},"5":{"start":{"line":85,"column":2},"end":{"line":99,"column":null}},"6":{"start":{"line":86,"column":25},"end":{"line":88,"column":null}},"7":{"start":{"line":87,"column":6},"end":{"line":87,"column":null}},"8":{"start":{"line":87,"column":30},"end":{"line":87,"column":null}},"9":{"start":{"line":90,"column":4},"end":{"line":93,"column":null}},"10":{"start":{"line":91,"column":6},"end":{"line":91,"column":null}},"11":{"start":{"line":92,"column":6},"end":{"line":92,"column":null}},"12":{"start":{"line":95,"column":4},"end":{"line":98,"column":null}},"13":{"start":{"line":96,"column":6},"end":{"line":96,"column":null}},"14":{"start":{"line":97,"column":6},"end":{"line":97,"column":null}},"15":{"start":{"line":101,"column":2},"end":{"line":101,"column":null}},"16":{"start":{"line":101,"column":24},"end":{"line":101,"column":null}},"17":{"start":{"line":103,"column":17},"end":{"line":103,"column":67}},"18":{"start":{"line":104,"column":19},"end":{"line":106,"column":null}},"19":{"start":{"line":108,"column":25},"end":{"line":117,"column":null}},"20":{"start":{"line":109,"column":4},"end":{"line":109,"column":null}},"21":{"start":{"line":109,"column":23},"end":{"line":109,"column":null}},"22":{"start":{"line":110,"column":4},"end":{"line":110,"column":null}},"23":{"start":{"line":110,"column":22},"end":{"line":110,"column":null}},"24":{"start":{"line":111,"column":18},"end":{"line":111,"column":null}},"25":{"start":{"line":112,"column":29},"end":{"line":112,"column":null}},"26":{"start":{"line":113,"column":4},"end":{"line":113,"column":null}},"27":{"start":{"line":113,"column":20},"end":{"line":113,"column":null}},"28":{"start":{"line":114,"column":17},"end":{"line":114,"column":null}},"29":{"start":{"line":115,"column":27},"end":{"line":115,"column":null}},"30":{"start":{"line":116,"column":4},"end":{"line":116,"column":null}},"31":{"start":{"line":119,"column":25},"end":{"line":124,"column":null}},"32":{"start":{"line":120,"column":18},"end":{"line":120,"column":null}},"33":{"start":{"line":121,"column":4},"end":{"line":121,"column":null}},"34":{"start":{"line":121,"column":21},"end":{"line":121,"column":null}},"35":{"start":{"line":122,"column":23},"end":{"line":122,"column":null}},"36":{"start":{"line":123,"column":4},"end":{"line":123,"column":null}},"37":{"start":{"line":126,"column":22},"end":{"line":126,"column":null}},"38":{"start":{"line":173,"column":18},"end":{"line":173,"column":null}},"39":{"start":{"line":202,"column":37},"end":{"line":202,"column":null}},"40":{"start":{"line":211,"column":37},"end":{"line":211,"column":null}},"41":{"start":{"line":224,"column":35},"end":{"line":224,"column":null}},"42":{"start":{"line":292,"column":33},"end":{"line":292,"column":null}},"43":{"start":{"line":309,"column":20},"end":{"line":310,"column":null}},"44":{"start":{"line":328,"column":20},"end":{"line":329,"column":null}},"45":{"start":{"line":364,"column":20},"end":{"line":365,"column":null}},"46":{"start":{"line":367,"column":37},"end":{"line":367,"column":null}},"47":{"start":{"line":374,"column":26},"end":{"line":374,"column":null}}},"fnMap":{"0":{"name":"GameDetailModal","decl":{"start":{"line":76,"column":16},"end":{"line":76,"column":32}},"loc":{"start":{"line":83,"column":23},"end":{"line":468,"column":null}}},"1":{"name":"(anonymous_5)","decl":{"start":{"line":85,"column":12},"end":{"line":85,"column":null}},"loc":{"start":{"line":85,"column":12},"end":{"line":99,"column":5}}},"2":{"name":"(anonymous_6)","decl":{"start":{"line":86,"column":25},"end":{"line":86,"column":26}},"loc":{"start":{"line":86,"column":26},"end":{"line":88,"column":null}}},"3":{"name":"(anonymous_7)","decl":{"start":{"line":95,"column":11},"end":{"line":95,"column":null}},"loc":{"start":{"line":95,"column":11},"end":{"line":98,"column":null}}},"4":{"name":"(anonymous_8)","decl":{"start":{"line":108,"column":25},"end":{"line":108,"column":26}},"loc":{"start":{"line":108,"column":26},"end":{"line":117,"column":null}}},"5":{"name":"(anonymous_9)","decl":{"start":{"line":119,"column":25},"end":{"line":119,"column":null}},"loc":{"start":{"line":119,"column":25},"end":{"line":124,"column":null}}},"6":{"name":"(anonymous_10)","decl":{"start":{"line":172,"column":25},"end":{"line":172,"column":26}},"loc":{"start":{"line":172,"column":26},"end":{"line":174,"column":null}}},"7":{"name":"(anonymous_11)","decl":{"start":{"line":202,"column":31},"end":{"line":202,"column":37}},"loc":{"start":{"line":202,"column":37},"end":{"line":202,"column":null}}},"8":{"name":"(anonymous_12)","decl":{"start":{"line":211,"column":31},"end":{"line":211,"column":37}},"loc":{"start":{"line":211,"column":37},"end":{"line":211,"column":null}}},"9":{"name":"(anonymous_13)","decl":{"start":{"line":224,"column":29},"end":{"line":224,"column":35}},"loc":{"start":{"line":224,"column":35},"end":{"line":224,"column":null}}},"10":{"name":"(anonymous_14)","decl":{"start":{"line":292,"column":27},"end":{"line":292,"column":33}},"loc":{"start":{"line":292,"column":33},"end":{"line":292,"column":null}}},"11":{"name":"(anonymous_15)","decl":{"start":{"line":308,"column":46},"end":{"line":308,"column":null}},"loc":{"start":{"line":309,"column":20},"end":{"line":310,"column":null}}},"12":{"name":"(anonymous_16)","decl":{"start":{"line":327,"column":56},"end":{"line":327,"column":null}},"loc":{"start":{"line":328,"column":20},"end":{"line":329,"column":null}}},"13":{"name":"(anonymous_17)","decl":{"start":{"line":363,"column":63},"end":{"line":363,"column":64}},"loc":{"start":{"line":364,"column":20},"end":{"line":365,"column":null}}},"14":{"name":"(anonymous_18)","decl":{"start":{"line":367,"column":31},"end":{"line":367,"column":37}},"loc":{"start":{"line":367,"column":37},"end":{"line":367,"column":null}}},"15":{"name":"(anonymous_19)","decl":{"start":{"line":373,"column":33},"end":{"line":373,"column":34}},"loc":{"start":{"line":373,"column":34},"end":{"line":375,"column":null}}}},"branchMap":{"0":{"loc":{"start":{"line":87,"column":6},"end":{"line":87,"column":null}},"type":"if","locations":[{"start":{"line":87,"column":6},"end":{"line":87,"column":null}}]},"1":{"loc":{"start":{"line":90,"column":4},"end":{"line":93,"column":null}},"type":"if","locations":[{"start":{"line":90,"column":4},"end":{"line":93,"column":null}}]},"2":{"loc":{"start":{"line":101,"column":2},"end":{"line":101,"column":null}},"type":"if","locations":[{"start":{"line":101,"column":2},"end":{"line":101,"column":null}}]},"3":{"loc":{"start":{"line":101,"column":6},"end":{"line":101,"column":24}},"type":"binary-expr","locations":[{"start":{"line":101,"column":6},"end":{"line":101,"column":17}},{"start":{"line":101,"column":17},"end":{"line":101,"column":24}}]},"4":{"loc":{"start":{"line":103,"column":17},"end":{"line":103,"column":67}},"type":"binary-expr","locations":[{"start":{"line":103,"column":17},"end":{"line":103,"column":42}},{"start":{"line":103,"column":46},"end":{"line":103,"column":67}}]},"5":{"loc":{"start":{"line":104,"column":19},"end":{"line":106,"column":null}},"type":"cond-expr","locations":[{"start":{"line":105,"column":6},"end":{"line":105,"column":74}},{"start":{"line":106,"column":6},"end":{"line":106,"column":null}}]},"6":{"loc":{"start":{"line":109,"column":4},"end":{"line":109,"column":null}},"type":"if","locations":[{"start":{"line":109,"column":4},"end":{"line":109,"column":null}}]},"7":{"loc":{"start":{"line":110,"column":4},"end":{"line":110,"column":null}},"type":"if","locations":[{"start":{"line":110,"column":4},"end":{"line":110,"column":null}}]},"8":{"loc":{"start":{"line":113,"column":4},"end":{"line":113,"column":null}},"type":"if","locations":[{"start":{"line":113,"column":4},"end":{"line":113,"column":null}}]},"9":{"loc":{"start":{"line":113,"column":39},"end":{"line":113,"column":91}},"type":"cond-expr","locations":[{"start":{"line":113,"column":62},"end":{"line":113,"column":85}},{"start":{"line":113,"column":88},"end":{"line":113,"column":91}}]},"10":{"loc":{"start":{"line":120,"column":19},"end":{"line":120,"column":61}},"type":"binary-expr","locations":[{"start":{"line":120,"column":19},"end":{"line":120,"column":51}},{"start":{"line":120,"column":55},"end":{"line":120,"column":61}}]},"11":{"loc":{"start":{"line":120,"column":61},"end":{"line":120,"column":null}},"type":"binary-expr","locations":[{"start":{"line":120,"column":61},"end":{"line":120,"column":93}},{"start":{"line":120,"column":97},"end":{"line":120,"column":null}}]},"12":{"loc":{"start":{"line":121,"column":4},"end":{"line":121,"column":null}},"type":"if","locations":[{"start":{"line":121,"column":4},"end":{"line":121,"column":null}}]},"13":{"loc":{"start":{"line":122,"column":36},"end":{"line":122,"column":77}},"type":"binary-expr","locations":[{"start":{"line":122,"column":36},"end":{"line":122,"column":68}},{"start":{"line":122,"column":72},"end":{"line":122,"column":77}}]},"14":{"loc":{"start":{"line":169,"column":21},"end":{"line":169,"column":null}},"type":"binary-expr","locations":[{"start":{"line":169,"column":21},"end":{"line":169,"column":51}},{"start":{"line":169,"column":51},"end":{"line":169,"column":null}}]},"15":{"loc":{"start":{"line":170,"column":21},"end":{"line":170,"column":null}},"type":"binary-expr","locations":[{"start":{"line":170,"column":21},"end":{"line":170,"column":46}},{"start":{"line":170,"column":46},"end":{"line":170,"column":null}}]},"16":{"loc":{"start":{"line":197,"column":17},"end":{"line":197,"column":null}},"type":"binary-expr","locations":[{"start":{"line":197,"column":17},"end":{"line":197,"column":null}}]},"17":{"loc":{"start":{"line":220,"column":17},"end":{"line":220,"column":null}},"type":"binary-expr","locations":[{"start":{"line":220,"column":17},"end":{"line":220,"column":null}}]},"18":{"loc":{"start":{"line":236,"column":15},"end":{"line":236,"column":36}},"type":"binary-expr","locations":[{"start":{"line":236,"column":15},"end":{"line":236,"column":36}}]},"19":{"loc":{"start":{"line":243,"column":15},"end":{"line":243,"column":43}},"type":"binary-expr","locations":[{"start":{"line":243,"column":15},"end":{"line":243,"column":43}}]},"20":{"loc":{"start":{"line":250,"column":15},"end":{"line":250,"column":47}},"type":"binary-expr","locations":[{"start":{"line":250,"column":15},"end":{"line":250,"column":47}}]},"21":{"loc":{"start":{"line":257,"column":15},"end":{"line":257,"column":null}},"type":"binary-expr","locations":[{"start":{"line":257,"column":15},"end":{"line":257,"column":null}}]},"22":{"loc":{"start":{"line":259,"column":35},"end":{"line":259,"column":null}},"type":"cond-expr","locations":[{"start":{"line":259,"column":66},"end":{"line":259,"column":85}},{"start":{"line":259,"column":85},"end":{"line":259,"column":null}}]},"23":{"loc":{"start":{"line":259,"column":85},"end":{"line":259,"column":null}},"type":"cond-expr","locations":[{"start":{"line":259,"column":116},"end":{"line":259,"column":136}},{"start":{"line":259,"column":136},"end":{"line":259,"column":null}}]},"24":{"loc":{"start":{"line":273,"column":17},"end":{"line":273,"column":null}},"type":"binary-expr","locations":[{"start":{"line":273,"column":17},"end":{"line":273,"column":42}},{"start":{"line":273,"column":42},"end":{"line":273,"column":null}}]},"25":{"loc":{"start":{"line":276,"column":15},"end":{"line":276,"column":null}},"type":"binary-expr","locations":[{"start":{"line":276,"column":15},"end":{"line":276,"column":null}}]},"26":{"loc":{"start":{"line":282,"column":15},"end":{"line":282,"column":null}},"type":"binary-expr","locations":[{"start":{"line":282,"column":15},"end":{"line":282,"column":null}}]},"27":{"loc":{"start":{"line":288,"column":15},"end":{"line":288,"column":null}},"type":"binary-expr","locations":[{"start":{"line":288,"column":15},"end":{"line":288,"column":null}}]},"28":{"loc":{"start":{"line":302,"column":13},"end":{"line":302,"column":40}},"type":"binary-expr","locations":[{"start":{"line":302,"column":13},"end":{"line":302,"column":40}},{"start":{"line":302,"column":40},"end":{"line":302,"column":null}}]},"29":{"loc":{"start":{"line":321,"column":13},"end":{"line":321,"column":38}},"type":"binary-expr","locations":[{"start":{"line":321,"column":13},"end":{"line":321,"column":38}},{"start":{"line":321,"column":38},"end":{"line":321,"column":null}}]},"30":{"loc":{"start":{"line":340,"column":13},"end":{"line":340,"column":null}},"type":"binary-expr","locations":[{"start":{"line":340,"column":13},"end":{"line":340,"column":null}}]},"31":{"loc":{"start":{"line":347,"column":21},"end":{"line":349,"column":51}},"type":"cond-expr","locations":[{"start":{"line":348,"column":24},"end":{"line":348,"column":77}},{"start":{"line":349,"column":24},"end":{"line":349,"column":51}}]},"32":{"loc":{"start":{"line":357,"column":13},"end":{"line":357,"column":45}},"type":"binary-expr","locations":[{"start":{"line":357,"column":13},"end":{"line":357,"column":45}},{"start":{"line":357,"column":45},"end":{"line":357,"column":null}}]},"33":{"loc":{"start":{"line":380,"column":17},"end":{"line":380,"column":null}},"type":"binary-expr","locations":[{"start":{"line":380,"column":17},"end":{"line":380,"column":null}}]},"34":{"loc":{"start":{"line":389,"column":13},"end":{"line":389,"column":null}},"type":"binary-expr","locations":[{"start":{"line":389,"column":13},"end":{"line":389,"column":null}}]},"35":{"loc":{"start":{"line":402,"column":13},"end":{"line":402,"column":null}},"type":"binary-expr","locations":[{"start":{"line":402,"column":13},"end":{"line":402,"column":null}}]},"36":{"loc":{"start":{"line":411,"column":60},"end":{"line":411,"column":176}},"type":"cond-expr","locations":[{"start":{"line":411,"column":91},"end":{"line":411,"column":110}},{"start":{"line":411,"column":110},"end":{"line":411,"column":176}}]},"37":{"loc":{"start":{"line":411,"column":110},"end":{"line":411,"column":176}},"type":"cond-expr","locations":[{"start":{"line":411,"column":141},"end":{"line":411,"column":161}},{"start":{"line":411,"column":161},"end":{"line":411,"column":176}}]},"38":{"loc":{"start":{"line":416,"column":27},"end":{"line":418,"column":null}},"type":"cond-expr","locations":[{"start":{"line":416,"column":58},"end":{"line":416,"column":null}},{"start":{"line":417,"column":27},"end":{"line":418,"column":null}}]},"39":{"loc":{"start":{"line":417,"column":27},"end":{"line":418,"column":null}},"type":"cond-expr","locations":[{"start":{"line":417,"column":58},"end":{"line":417,"column":null}},{"start":{"line":418,"column":27},"end":{"line":418,"column":null}}]},"40":{"loc":{"start":{"line":418,"column":27},"end":{"line":418,"column":null}},"type":"cond-expr","locations":[{"start":{"line":418,"column":58},"end":{"line":418,"column":68}},{"start":{"line":418,"column":68},"end":{"line":418,"column":null}}]},"41":{"loc":{"start":{"line":434,"column":26},"end":{"line":434,"column":66}},"type":"binary-expr","locations":[{"start":{"line":434,"column":26},"end":{"line":434,"column":63}},{"start":{"line":434,"column":63},"end":{"line":434,"column":66}}]},"42":{"loc":{"start":{"line":445,"column":26},"end":{"line":445,"column":66}},"type":"binary-expr","locations":[{"start":{"line":445,"column":26},"end":{"line":445,"column":63}},{"start":{"line":445,"column":63},"end":{"line":445,"column":66}}]},"43":{"loc":{"start":{"line":456,"column":71},"end":{"line":456,"column":181}},"type":"cond-expr","locations":[{"start":{"line":456,"column":102},"end":{"line":456,"column":119}},{"start":{"line":456,"column":119},"end":{"line":456,"column":181}}]},"44":{"loc":{"start":{"line":456,"column":119},"end":{"line":456,"column":181}},"type":"cond-expr","locations":[{"start":{"line":456,"column":150},"end":{"line":456,"column":168}},{"start":{"line":456,"column":168},"end":{"line":456,"column":181}}]}},"s":{"0":0,"1":0,"2":0,"3":0,"4":0,"5":0,"6":0,"7":0,"8":0,"9":0,"10":0,"11":0,"12":0,"13":0,"14":0,"15":0,"16":0,"17":0,"18":0,"19":0,"20":0,"21":0,"22":0,"23":0,"24":0,"25":0,"26":0,"27":0,"28":0,"29":0,"30":0,"31":0,"32":0,"33":0,"34":0,"35":0,"36":0,"37":0,"38":0,"39":0,"40":0,"41":0,"42":0,"43":0,"44":0,"45":0,"46":0,"47":0},"f":{"0":0,"1":0,"2":0,"3":0,"4":0,"5":0,"6":0,"7":0,"8":0,"9":0,"10":0,"11":0,"12":0,"13":0,"14":0,"15":0},"b":{"0":[0],"1":[0],"2":[0],"3":[0,0],"4":[0,0],"5":[0,0],"6":[0],"7":[0],"8":[0],"9":[0,0],"10":[0,0],"11":[0,0],"12":[0],"13":[0,0],"14":[0,0],"15":[0,0],"16":[0],"17":[0],"18":[0],"19":[0],"20":[0],"21":[0],"22":[0,0],"23":[0,0],"24":[0,0],"25":[0],"26":[0],"27":[0],"28":[0,0],"29":[0,0],"30":[0],"31":[0,0],"32":[0,0],"33":[0],"34":[0],"35":[0],"36":[0,0],"37":[0,0],"38":[0,0],"39":[0,0],"40":[0,0],"41":[0,0],"42":[0,0],"43":[0,0],"44":[0,0]}}
,"/home/lrabbets/repos/the-pile/the-pile-web/src/components/game-tombstone.tsx": {"path":"/home/lrabbets/repos/the-pile/the-pile-web/src/components/game-tombstone.tsx","statementMap":{"0":{"start":{"line":262,"column":16},"end":{"line":262,"column":29}},"1":{"start":{"line":72,"column":16},"end":{"line":72,"column":29}},"2":{"start":{"line":3,"column":18},"end":{"line":3,"column":null}},"3":{"start":{"line":4,"column":23},"end":{"line":4,"column":null}},"4":{"start":{"line":5,"column":52},"end":{"line":5,"column":null}},"5":{"start":{"line":24,"column":21},"end":{"line":70,"column":null}},"6":{"start":{"line":78,"column":17},"end":{"line":78,"column":43}},"7":{"start":{"line":79,"column":21},"end":{"line":79,"column":32}},"8":{"start":{"line":81,"column":25},"end":{"line":90,"column":null}},"9":{"start":{"line":82,"column":4},"end":{"line":82,"column":null}},"10":{"start":{"line":82,"column":23},"end":{"line":82,"column":null}},"11":{"start":{"line":83,"column":4},"end":{"line":83,"column":null}},"12":{"start":{"line":83,"column":22},"end":{"line":83,"column":null}},"13":{"start":{"line":84,"column":18},"end":{"line":84,"column":null}},"14":{"start":{"line":85,"column":29},"end":{"line":85,"column":null}},"15":{"start":{"line":86,"column":4},"end":{"line":86,"column":null}},"16":{"start":{"line":86,"column":20},"end":{"line":86,"column":null}},"17":{"start":{"line":87,"column":17},"end":{"line":87,"column":null}},"18":{"start":{"line":88,"column":27},"end":{"line":88,"column":null}},"19":{"start":{"line":89,"column":4},"end":{"line":89,"column":null}},"20":{"start":{"line":123,"column":25},"end":{"line":123,"column":null}},"21":{"start":{"line":134,"column":14},"end":{"line":134,"column":null}},"22":{"start":{"line":167,"column":25},"end":{"line":167,"column":null}},"23":{"start":{"line":188,"column":14},"end":{"line":189,"column":null}},"24":{"start":{"line":207,"column":29},"end":{"line":207,"column":null}},"25":{"start":{"line":216,"column":29},"end":{"line":216,"column":null}},"26":{"start":{"line":271,"column":23},"end":{"line":273,"column":null}},"27":{"start":{"line":272,"column":27},"end":{"line":272,"column":null}},"28":{"start":{"line":275,"column":28},"end":{"line":286,"column":null}},"29":{"start":{"line":276,"column":4},"end":{"line":276,"column":null}},"30":{"start":{"line":276,"column":23},"end":{"line":276,"column":null}},"31":{"start":{"line":278,"column":25},"end":{"line":283,"column":null}},"32":{"start":{"line":285,"column":4},"end":{"line":285,"column":null}},"33":{"start":{"line":288,"column":34},"end":{"line":299,"column":null}},"34":{"start":{"line":289,"column":4},"end":{"line":289,"column":null}},"35":{"start":{"line":289,"column":23},"end":{"line":289,"column":null}},"36":{"start":{"line":291,"column":25},"end":{"line":296,"column":null}},"37":{"start":{"line":298,"column":4},"end":{"line":298,"column":null}},"38":{"start":{"line":324,"column":10},"end":{"line":325,"column":null}}},"fnMap":{"0":{"name":"GameTombstone","decl":{"start":{"line":72,"column":16},"end":{"line":72,"column":29}},"loc":{"start":{"line":77,"column":21},"end":{"line":250,"column":null}}},"1":{"name":"(anonymous_5)","decl":{"start":{"line":81,"column":25},"end":{"line":81,"column":26}},"loc":{"start":{"line":81,"column":26},"end":{"line":90,"column":null}}},"2":{"name":"(anonymous_6)","decl":{"start":{"line":123,"column":19},"end":{"line":123,"column":25}},"loc":{"start":{"line":123,"column":25},"end":{"line":123,"column":null}}},"3":{"name":"(anonymous_7)","decl":{"start":{"line":133,"column":21},"end":{"line":133,"column":22}},"loc":{"start":{"line":133,"column":22},"end":{"line":135,"column":null}}},"4":{"name":"(anonymous_8)","decl":{"start":{"line":167,"column":19},"end":{"line":167,"column":25}},"loc":{"start":{"line":167,"column":25},"end":{"line":167,"column":null}}},"5":{"name":"(anonymous_9)","decl":{"start":{"line":187,"column":53},"end":{"line":187,"column":null}},"loc":{"start":{"line":188,"column":14},"end":{"line":189,"column":null}}},"6":{"name":"(anonymous_10)","decl":{"start":{"line":207,"column":23},"end":{"line":207,"column":29}},"loc":{"start":{"line":207,"column":29},"end":{"line":207,"column":null}}},"7":{"name":"(anonymous_11)","decl":{"start":{"line":216,"column":23},"end":{"line":216,"column":29}},"loc":{"start":{"line":216,"column":29},"end":{"line":216,"column":null}}},"8":{"name":"GameGraveyard","decl":{"start":{"line":262,"column":16},"end":{"line":262,"column":29}},"loc":{"start":{"line":269,"column":21},"end":{"line":349,"column":null}}},"9":{"name":"(anonymous_13)","decl":{"start":{"line":272,"column":18},"end":{"line":272,"column":27}},"loc":{"start":{"line":272,"column":27},"end":{"line":272,"column":null}}},"10":{"name":"(anonymous_14)","decl":{"start":{"line":275,"column":28},"end":{"line":275,"column":null}},"loc":{"start":{"line":275,"column":28},"end":{"line":286,"column":null}}},"11":{"name":"(anonymous_15)","decl":{"start":{"line":288,"column":34},"end":{"line":288,"column":null}},"loc":{"start":{"line":288,"column":34},"end":{"line":299,"column":null}}},"12":{"name":"(anonymous_16)","decl":{"start":{"line":323,"column":26},"end":{"line":323,"column":27}},"loc":{"start":{"line":324,"column":10},"end":{"line":325,"column":null}}}},"branchMap":{"0":{"loc":{"start":{"line":82,"column":4},"end":{"line":82,"column":null}},"type":"if","locations":[{"start":{"line":82,"column":4},"end":{"line":82,"column":null}}]},"1":{"loc":{"start":{"line":83,"column":4},"end":{"line":83,"column":null}},"type":"if","locations":[{"start":{"line":83,"column":4},"end":{"line":83,"column":null}}]},"2":{"loc":{"start":{"line":86,"column":4},"end":{"line":86,"column":null}},"type":"if","locations":[{"start":{"line":86,"column":4},"end":{"line":86,"column":null}}]},"3":{"loc":{"start":{"line":86,"column":39},"end":{"line":86,"column":91}},"type":"cond-expr","locations":[{"start":{"line":86,"column":62},"end":{"line":86,"column":85}},{"start":{"line":86,"column":88},"end":{"line":86,"column":91}}]},"4":{"loc":{"start":{"line":126,"column":17},"end":{"line":126,"column":null}},"type":"binary-expr","locations":[{"start":{"line":126,"column":17},"end":{"line":126,"column":43}},{"start":{"line":126,"column":47},"end":{"line":126,"column":null}}]},"5":{"loc":{"start":{"line":131,"column":16},"end":{"line":131,"column":97}},"type":"cond-expr","locations":[{"start":{"line":131,"column":46},"end":{"line":131,"column":94}},{"start":{"line":131,"column":94},"end":{"line":131,"column":97}}]},"6":{"loc":{"start":{"line":177,"column":11},"end":{"line":177,"column":33}},"type":"binary-expr","locations":[{"start":{"line":177,"column":11},"end":{"line":177,"column":33}}]},"7":{"loc":{"start":{"line":185,"column":9},"end":{"line":185,"column":32}},"type":"binary-expr","locations":[{"start":{"line":185,"column":9},"end":{"line":185,"column":32}},{"start":{"line":185,"column":36},"end":{"line":185,"column":null}}]},"8":{"loc":{"start":{"line":201,"column":9},"end":{"line":201,"column":null}},"type":"binary-expr","locations":[{"start":{"line":201,"column":9},"end":{"line":201,"column":null}}]},"9":{"loc":{"start":{"line":224,"column":9},"end":{"line":224,"column":null}},"type":"binary-expr","locations":[{"start":{"line":224,"column":9},"end":{"line":224,"column":null}}]},"10":{"loc":{"start":{"line":236,"column":9},"end":{"line":236,"column":null}},"type":"binary-expr","locations":[{"start":{"line":236,"column":9},"end":{"line":236,"column":null}}]},"11":{"loc":{"start":{"line":267,"column":2},"end":{"line":267,"column":16}},"type":"default-arg","locations":[{"start":{"line":267,"column":14},"end":{"line":267,"column":16}}]},"12":{"loc":{"start":{"line":271,"column":23},"end":{"line":273,"column":null}},"type":"cond-expr","locations":[{"start":{"line":272,"column":6},"end":{"line":272,"column":null}},{"start":{"line":273,"column":6},"end":{"line":273,"column":null}}]},"13":{"loc":{"start":{"line":276,"column":4},"end":{"line":276,"column":null}},"type":"if","locations":[{"start":{"line":276,"column":4},"end":{"line":276,"column":null}}]},"14":{"loc":{"start":{"line":285,"column":11},"end":{"line":285,"column":null}},"type":"binary-expr","locations":[{"start":{"line":285,"column":11},"end":{"line":285,"column":66}},{"start":{"line":285,"column":70},"end":{"line":285,"column":null}}]},"15":{"loc":{"start":{"line":289,"column":4},"end":{"line":289,"column":null}},"type":"if","locations":[{"start":{"line":289,"column":4},"end":{"line":289,"column":null}}]},"16":{"loc":{"start":{"line":298,"column":11},"end":{"line":298,"column":null}},"type":"binary-expr","locations":[{"start":{"line":298,"column":11},"end":{"line":298,"column":66}},{"start":{"line":298,"column":70},"end":{"line":298,"column":null}}]},"17":{"loc":{"start":{"line":314,"column":9},"end":{"line":314,"column":null}},"type":"binary-expr","locations":[{"start":{"line":314,"column":9},"end":{"line":314,"column":null}}]},"18":{"loc":{"start":{"line":334,"column":7},"end":{"line":334,"column":null}},"type":"binary-expr","locations":[{"start":{"line":334,"column":7},"end":{"line":334,"column":null}}]},"19":{"loc":{"start":{"line":337,"column":13},"end":{"line":337,"column":null}},"type":"cond-expr","locations":[{"start":{"line":337,"column":28},"end":{"line":337,"column":35}},{"start":{"line":337,"column":35},"end":{"line":337,"column":null}}]},"20":{"loc":{"start":{"line":340,"column":13},"end":{"line":342,"column":null}},"type":"cond-expr","locations":[{"start":{"line":341,"column":16},"end":{"line":341,"column":82}},{"start":{"line":342,"column":16},"end":{"line":342,"column":null}}]}},"s":{"0":0,"1":0,"2":0,"3":0,"4":0,"5":0,"6":0,"7":0,"8":0,"9":0,"10":0,"11":0,"12":0,"13":0,"14":0,"15":0,"16":0,"17":0,"18":0,"19":0,"20":0,"21":0,"22":0,"23":0,"24":0,"25":0,"26":0,"27":0,"28":0,"29":0,"30":0,"31":0,"32":0,"33":0,"34":0,"35":0,"36":0,"37":0,"38":0},"f":{"0":0,"1":0,"2":0,"3":0,"4":0,"5":0,"6":0,"7":0,"8":0,"9":0,"10":0,"11":0,"12":0},"b":{"0":[0],"1":[0],"2":[0],"3":[0,0],"4":[0,0],"5":[0,0],"6":[0],"7":[0,0],"8":[0],"9":[0],"10":[0],"11":[0],"12":[0,0],"13":[0],"14":[0,0],"15":[0],"16":[0,0],"17":[0],"18":[0],"19":[0,0],"20":[0,0]}}
,"/home/lrabbets/repos/the-pile/the-pile-web/src/components/import-library-button.tsx": {"path":"/home/lrabbets/repos/the-pile/the-pile-web/src/components/import-library-button.tsx","statementMap":{"0":{"start":{"line":9,"column":16},"end":{"line":9,"column":null}},"1":{"start":{"line":3,"column":25},"end":{"line":3,"column":null}},"2":{"start":{"line":4,"column":23},"end":{"line":4,"column":null}},"3":{"start":{"line":5,"column":25},"end":{"line":5,"column":null}},"4":{"start":{"line":6,"column":24},"end":{"line":6,"column":null}},"5":{"start":{"line":7,"column":31},"end":{"line":7,"column":null}},"6":{"start":{"line":10,"column":40},"end":{"line":10,"column":null}},"7":{"start":{"line":11,"column":22},"end":{"line":11,"column":null}},"8":{"start":{"line":13,"column":23},"end":{"line":26,"column":null}},"9":{"start":{"line":14,"column":4},"end":{"line":14,"column":null}},"10":{"start":{"line":15,"column":4},"end":{"line":25,"column":null}},"11":{"start":{"line":16,"column":6},"end":{"line":16,"column":null}},"12":{"start":{"line":18,"column":6},"end":{"line":18,"column":null}},"13":{"start":{"line":19,"column":6},"end":{"line":19,"column":null}},"14":{"start":{"line":21,"column":6},"end":{"line":21,"column":null}},"15":{"start":{"line":22,"column":6},"end":{"line":22,"column":null}},"16":{"start":{"line":24,"column":6},"end":{"line":24,"column":null}}},"fnMap":{"0":{"name":"ImportLibraryButton","decl":{"start":{"line":9,"column":16},"end":{"line":9,"column":null}},"loc":{"start":{"line":9,"column":16},"end":{"line":37,"column":null}}},"1":{"name":"(anonymous_2)","decl":{"start":{"line":13,"column":23},"end":{"line":13,"column":null}},"loc":{"start":{"line":13,"column":23},"end":{"line":26,"column":null}}}},"branchMap":{"0":{"loc":{"start":{"line":34,"column":7},"end":{"line":34,"column":null}},"type":"cond-expr","locations":[{"start":{"line":34,"column":21},"end":{"line":34,"column":38}},{"start":{"line":34,"column":38},"end":{"line":34,"column":null}}]}},"s":{"0":0,"1":0,"2":0,"3":0,"4":0,"5":0,"6":0,"7":0,"8":0,"9":0,"10":0,"11":0,"12":0,"13":0,"14":0,"15":0,"16":0},"f":{"0":0,"1":0},"b":{"0":[0,0]}}
[...]
olumn":4},"end":{"line":26,"column":null}},"15":{"start":{"line":29,"column":23},"end":{"line":39,"column":null}},"16":{"start":{"line":31,"column":6},"end":{"line":31,"column":null}},"17":{"start":{"line":33,"column":6},"end":{"line":33,"column":null}},"18":{"start":{"line":34,"column":6},"end":{"line":34,"column":null}},"19":{"start":{"line":37,"column":6},"end":{"line":37,"column":null}},"20":{"start":{"line":41,"column":23},"end":{"line":50,"column":null}},"21":{"start":{"line":42,"column":45},"end":{"line":42,"column":null}},"22":{"start":{"line":44,"column":6},"end":{"line":44,"column":null}},"23":{"start":{"line":45,"column":6},"end":{"line":45,"column":null}},"24":{"start":{"line":48,"column":6},"end":{"line":48,"column":null}},"25":{"start":{"line":52,"column":24},"end":{"line":61,"column":null}},"26":{"start":{"line":53,"column":45},"end":{"line":53,"column":null}},"27":{"start":{"line":55,"column":6},"end":{"line":55,"column":null}},"28":{"start":{"line":56,"column":6},"end":{"line":56,"column":null}},"29":{"start":{"line":59,"column":6},"end":{"line":59,"column":null}},"30":{"start":{"line":63,"column":24},"end":{"line":73,"column":null}},"31":{"start":{"line":65,"column":6},"end":{"line":65,"column":null}},"32":{"start":{"line":67,"column":6},"end":{"line":67,"column":null}},"33":{"start":{"line":68,"column":6},"end":{"line":68,"column":null}},"34":{"start":{"line":71,"column":6},"end":{"line":71,"column":null}},"35":{"start":{"line":75,"column":23},"end":{"line":87,"column":null}},"36":{"start":{"line":79,"column":10},"end":{"line":79,"column":null}},"37":{"start":{"line":81,"column":6},"end":{"line":81,"column":null}},"38":{"start":{"line":82,"column":6},"end":{"line":82,"column":null}},"39":{"start":{"line":85,"column":6},"end":{"line":85,"column":null}},"40":{"start":{"line":89,"column":2},"end":{"line":95,"column":null}}},"fnMap":{"0":{"name":"(anonymous_3)","decl":{"start":{"line":6,"column":11},"end":{"line":6,"column":12}},"loc":{"start":{"line":6,"column":32},"end":{"line":6,"column":null}}},"1":{"name":"(anonymous_4)","decl":{"start":{"line":7,"column":9},"end":{"line":7,"column":10}},"loc":{"start":{"line":7,"column":30},"end":{"line":7,"column":null}}},"2":{"name":"(anonymous_5)","decl":{"start":{"line":10,"column":23},"end":{"line":10,"column":24}},"loc":{"start":{"line":10,"column":38},"end":{"line":20,"column":null}}},"3":{"name":"(anonymous_6)","decl":{"start":{"line":13,"column":13},"end":{"line":13,"column":null}},"loc":{"start":{"line":13,"column":13},"end":{"line":16,"column":null}}},"4":{"name":"(anonymous_7)","decl":{"start":{"line":22,"column":38},"end":{"line":22,"column":null}},"loc":{"start":{"line":22,"column":38},"end":{"line":96,"column":null}}},"5":{"name":"(anonymous_8)","decl":{"start":{"line":25,"column":25},"end":{"line":25,"column":null}},"loc":{"start":{"line":25,"column":25},"end":{"line":27,"column":null}}},"6":{"name":"(anonymous_9)","decl":{"start":{"line":30,"column":16},"end":{"line":30,"column":17}},"loc":{"start":{"line":31,"column":6},"end":{"line":31,"column":null}}},"7":{"name":"(anonymous_10)","decl":{"start":{"line":32,"column":15},"end":{"line":32,"column":null}},"loc":{"start":{"line":32,"column":15},"end":{"line":35,"column":null}}},"8":{"name":"(anonymous_11)","decl":{"start":{"line":36,"column":13},"end":{"line":36,"column":14}},"loc":{"start":{"line":36,"column":14},"end":{"line":38,"column":null}}},"9":{"name":"(anonymous_12)","decl":{"start":{"line":42,"column":16},"end":{"line":42,"column":17}},"loc":{"start":{"line":42,"column":45},"end":{"line":42,"column":null}}},"10":{"name":"(anonymous_13)","decl":{"start":{"line":43,"column":15},"end":{"line":43,"column":null}},"loc":{"start":{"line":43,"column":15},"end":{"line":46,"column":null}}},"11":{"name":"(anonymous_14)","decl":{"start":{"line":47,"column":13},"end":{"line":47,"column":14}},"loc":{"start":{"line":47,"column":14},"end":{"line":49,"column":null}}},"12":{"name":"(anonymous_15)","decl":{"start":{"line":53,"column":16},"end":{"line":53,"column":17}},"loc":{"start":{"line":53,"column":45},"end":{"line":53,"column":null}}},"13":{"name":"(anonymous_16)","decl":{"start":{"line":54,"column":15},"end":{"line":54,"column":null}},"loc":{"start":{"line":54,"column":15},"end":{"line":57,"column":null}}},"14":{"name":"(anonymous_17)","decl":{"start":{"line":58,"column":13},"end":{"line":58,"column":14}},"loc":{"start":{"line":58,"column":14},"end":{"line":60,"column":null}}},"15":{"name":"(anonymous_18)","decl":{"start":{"line":64,"column":16},"end":{"line":64,"column":17}},"loc":{"start":{"line":65,"column":6},"end":{"line":65,"column":null}}},"16":{"name":"(anonymous_19)","decl":{"start":{"line":66,"column":15},"end":{"line":66,"column":null}},"loc":{"start":{"line":66,"column":15},"end":{"line":69,"column":null}}},"17":{"name":"(anonymous_20)","decl":{"start":{"line":70,"column":13},"end":{"line":70,"column":14}},"loc":{"start":{"line":70,"column":14},"end":{"line":72,"column":null}}},"18":{"name":"(anonymous_21)","decl":{"start":{"line":76,"column":16},"end":{"line":76,"column":17}},"loc":{"start":{"line":79,"column":10},"end":{"line":79,"column":null}}},"19":{"name":"(anonymous_22)","decl":{"start":{"line":80,"column":15},"end":{"line":80,"column":null}},"loc":{"start":{"line":80,"column":15},"end":{"line":83,"column":null}}},"20":{"name":"(anonymous_23)","decl":{"start":{"line":84,"column":13},"end":{"line":84,"column":14}},"loc":{"start":{"line":84,"column":14},"end":{"line":86,"column":null}}}},"branchMap":{"0":{"loc":{"start":{"line":10,"column":24},"end":{"line":10,"column":38}},"type":"default-arg","locations":[{"start":{"line":10,"column":34},"end":{"line":10,"column":38}}]},"1":{"loc":{"start":{"line":37,"column":18},"end":{"line":37,"column":null}},"type":"binary-expr","locations":[{"start":{"line":37,"column":18},"end":{"line":37,"column":50}},{"start":{"line":37,"column":50},"end":{"line":37,"column":null}}]},"2":{"loc":{"start":{"line":48,"column":18},"end":{"line":48,"column":null}},"type":"binary-expr","locations":[{"start":{"line":48,"column":18},"end":{"line":48,"column":50}},{"start":{"line":48,"column":50},"end":{"line":48,"column":null}}]},"3":{"loc":{"start":{"line":59,"column":18},"end":{"line":59,"column":null}},"type":"binary-expr","locations":[{"start":{"line":59,"column":18},"end":{"line":59,"column":50}},{"start":{"line":59,"column":50},"end":{"line":59,"column":null}}]},"4":{"loc":{"start":{"line":71,"column":18},"end":{"line":71,"column":null}},"type":"binary-expr","locations":[{"start":{"line":71,"column":18},"end":{"line":71,"column":50}},{"start":{"line":71,"column":50},"end":{"line":71,"column":null}}]},"5":{"loc":{"start":{"line":85,"column":18},"end":{"line":85,"column":null}},"type":"binary-expr","locations":[{"start":{"line":85,"column":18},"end":{"line":85,"column":50}},{"start":{"line":85,"column":50},"end":{"line":85,"column":null}}]}},"s":{"0":0,"1":0,"2":0,"3":0,"4":0,"5":0,"6":0,"7":0,"8":0,"9":0,"10":0,"11":0,"12":0,"13":0,"14":0,"15":0,"16":0,"17":0,"18":0,"19":0,"20":0,"21":0,"22":0,"23":0,"24":0,"25":0,"26":0,"27":0,"28":0,"29":0,"30":0,"31":0,"32":0,"33":0,"34":0,"35":0,"36":0,"37":0,"38":0,"39":0,"40":0},"f":{"0":0,"1":0,"2":0,"3":0,"4":0,"5":0,"6":0,"7":0,"8":0,"9":0,"10":0,"11":0,"12":0,"13":0,"14":0,"15":0,"16":0,"17":0,"18":0,"19":0,"20":0},"b":{"0":[0],"1":[0,0],"2":[0,0],"3":[0,0],"4":[0,0],"5":[0,0]}}
,"/home/lrabbets/repos/the-pile/the-pile-web/src/lib/query-provider.tsx": {"path":"/home/lrabbets/repos/the-pile/the-pile-web/src/lib/query-provider.tsx","statementMap":{"0":{"start":{"line":7,"column":16},"end":{"line":7,"column":30}},"1":{"start":{"line":3,"column":49},"end":{"line":3,"column":null}},"2":{"start":{"line":4,"column":35},"end":{"line":4,"column":null}},"3":{"start":{"line":5,"column":25},"end":{"line":5,"column":null}},"4":{"start":{"line":8,"column":24},"end":{"line":15,"column":null}},"5":{"start":{"line":8,"column":39},"end":{"line":15,"column":null}}},"fnMap":{"0":{"name":"QueryProvider","decl":{"start":{"line":7,"column":16},"end":{"line":7,"column":30}},"loc":{"start":{"line":7,"column":73},"end":{"line":23,"column":null}}},"1":{"name":"(anonymous_2)","decl":{"start":{"line":8,"column":33},"end":{"line":8,"column":39}},"loc":{"start":{"line":8,"column":39},"end":{"line":15,"column":null}}}},"branchMap":{},"s":{"0":0,"1":0,"2":0,"3":0,"4":0,"5":0},"f":{"0":0,"1":0},"b":{}}
,"/home/lrabbets/repos/the-pile/the-pile-web/src/lib/utils.ts": {"path":"/home/lrabbets/repos/the-pile/the-pile-web/src/lib/utils.ts","statementMap":{"0":{"start":{"line":30,"column":16},"end":{"line":30,"column":35}},"1":{"start":{"line":4,"column":16},"end":{"line":4,"column":18}},"2":{"start":{"line":8,"column":16},"end":{"line":8,"column":30}},"3":{"start":{"line":15,"column":16},"end":{"line":15,"column":30}},"4":{"start":{"line":68,"column":16},"end":{"line":68,"column":37}},"5":{"start":{"line":1,"column":38},"end":{"line":1,"column":null}},"6":{"start":{"line":2,"column":24},"end":{"line":2,"column":null}},"7":{"start":{"line":5,"column":2},"end":{"line":5,"column":null}},"8":{"start":{"line":9,"column":2},"end":{"line":12,"column":null}},"9":{"start":{"line":16,"column":2},"end":{"line":18,"column":null}},"10":{"start":{"line":17,"column":4},"end":{"line":17,"column":null}},"11":{"start":{"line":20,"column":16},"end":{"line":20,"column":null}},"12":{"start":{"line":21,"column":2},"end":{"line":23,"column":null}},"13":{"start":{"line":22,"column":4},"end":{"line":22,"column":null}},"14":{"start":{"line":25,"column":15},"end":{"line":25,"column":null}},"15":{"start":{"line":26,"column":25},"end":{"line":26,"column":null}},"16":{"start":{"line":27,"column":2},"end":{"line":27,"column":null}},"17":{"start":{"line":35,"column":2},"end":{"line":65,"column":null}},"18":{"start":{"line":36,"column":4},"end":{"line":40,"column":null}},"19":{"start":{"line":41,"column":9},"end":{"line":65,"column":null}},"20":{"start":{"line":42,"column":4},"end":{"line":46,"column":null}},"21":{"start":{"line":47,"column":9},"end":{"line":65,"column":null}},"22":{"start":{"line":48,"column":4},"end":{"line":52,"column":null}},"23":{"start":{"line":53,"column":9},"end":{"line":65,"column":null}},"24":{"start":{"line":54,"column":4},"end":{"line":58,"column":null}},"25":{"start":{"line":60,"column":4},"end":{"line":64,"column":null}},"26":{"start":{"line":69,"column":19},"end":{"line":78,"column":null}},"27":{"start":{"line":80,"column":2},"end":{"line":80,"column":null}}},"fnMap":{"0":{"name":"cn","decl":{"start":{"line":4,"column":16},"end":{"line":4,"column":18}},"loc":{"start":{"line":4,"column":42},"end":{"line":6,"column":null}}},"1":{"name":"formatCurrency","decl":{"start":{"line":8,"column":16},"end":{"line":8,"column":30}},"loc":{"start":{"line":8,"column":45},"end":{"line":13,"column":null}}},"2":{"name":"formatPlaytime","decl":{"start":{"line":15,"column":16},"end":{"line":15,"column":30}},"loc":{"start":{"line":15,"column":46},"end":{"line":28,"column":null}}},"3":{"name":"calculateShameLevel","decl":{"start":{"line":30,"column":16},"end":{"line":30,"column":35}},"loc":{"start":{"line":30,"column":49},"end":{"line":66,"column":null}}},"4":{"name":"getRandomShameMessage","decl":{"start":{"line":68,"column":16},"end":{"line":68,"column":37}},"loc":{"start":{"line":68,"column":51},"end":{"line":81,"column":null}}}},"branchMap":{"0":{"loc":{"start":{"line":16,"column":2},"end":{"line":18,"column":null}},"type":"if","locations":[{"start":{"line":16,"column":2},"end":{"line":18,"column":null}}]},"1":{"loc":{"start":{"line":21,"column":2},"end":{"line":23,"column":null}},"type":"if","locations":[{"start":{"line":21,"column":2},"end":{"line":23,"column":null}}]},"2":{"loc":{"start":{"line":27,"column":9},"end":{"line":27,"column":72}},"type":"cond-expr","locations":[{"start":{"line":27,"column":30},"end":{"line":27,"column":59}},{"start":{"line":27,"column":62},"end":{"line":27,"column":72}}]},"3":{"loc":{"start":{"line":35,"column":2},"end":{"line":65,"column":null}},"type":"if","locations":[{"start":{"line":35,"column":2},"end":{"line":65,"column":null}},{"start":{"line":41,"column":9},"end":{"line":65,"column":null}}]},"4":{"loc":{"start":{"line":41,"column":9},"end":{"line":65,"column":null}},"type":"if","locations":[{"start":{"line":41,"column":9},"end":{"line":65,"column":null}},{"start":{"line":47,"column":9},"end":{"line":65,"column":null}}]},"5":{"loc":{"start":{"line":47,"column":9},"end":{"line":65,"column":null}},"type":"if","locations":[{"start":{"line":47,"column":9},"end":{"line":65,"column":null}},{"start":{"line":53,"column":9},"end":{"line":65,"column":null}}]},"6":{"loc":{"start":{"line":53,"column":9},"end":{"line":65,"column":null}},"type":"if","locations":[{"start":{"line":53,"column":9},"end":{"line":65,"column":null}},{"start":{"line":59,"column":9},"end":{"line":65,"column":null}}]}},"s":{"0":0,"1":0,"2":0,"3":0,"4":0,"5":0,"6":0,"7":0,"8":0,"9":0,"10":0,"11":0,"12":0,"13":0,"14":0,"15":0,"16":0,"17":0,"18":0,"19":0,"20":0,"21":0,"22":0,"23":0,"24":0,"25":0,"26":0,"27":0},"f":{"0":0,"1":0,"2":0,"3":0,"4":0},"b":{"0":[0],"1":[0],"2":[0,0],"3":[0,0],"4":[0,0],"5":[0,0],"6":[0,0]}}
,"/home/lrabbets/repos/the-pile/the-pile-web/src/mocks/handlers.ts": {"path":"/home/lrabbets/repos/the-pile/the-pile-web/src/mocks/handlers.ts","statementMap":{"0":{"start":{"line":64,"column":13},"end":{"line":64,"column":24}},"1":{"start":{"line":1,"column":35},"end":{"line":1,"column":null}},"2":{"start":{"line":4,"column":17},"end":{"line":4,"column":null}},"3":{"start":{"line":7,"column":17},"end":{"line":13,"column":null}},"4":{"start":{"line":15,"column":24},"end":{"line":62,"column":null}},"5":{"start":{"line":64,"column":24},"end":{"line":165,"column":null}},"6":{"start":{"line":67,"column":4},"end":{"line":67,"column":null}},"7":{"start":{"line":72,"column":16},"end":{"line":72,"column":null}},"8":{"start":{"line":73,"column":19},"end":{"line":73,"column":null}},"9":{"start":{"line":74,"column":18},"end":{"line":74,"column":null}},"10":{"start":{"line":75,"column":19},"end":{"line":75,"column":null}},"11":{"start":{"line":77,"column":26},"end":{"line":77,"column":null}},"12":{"start":{"line":79,"column":4},"end":{"line":81,"column":null}},"13":{"start":{"line":80,"column":6},"end":{"line":80,"column":null}},"14":{"start":{"line":80,"column":56},"end":{"line":80,"column":null}},"15":{"start":{"line":83,"column":29},"end":{"line":83,"column":null}},"16":{"start":{"line":85,"column":4},"end":{"line":85,"column":null}},"17":{"start":{"line":89,"column":4},"end":{"line":92,"column":null}},"18":{"start":{"line":96,"column":4},"end":{"line":99,"column":null}},"19":{"start":{"line":103,"column":4},"end":{"line":106,"column":null}},"20":{"start":{"line":110,"column":4},"end":{"line":113,"column":null}},"21":{"start":{"line":117,"column":4},"end":{"line":120,"column":null}},"22":{"start":{"line":124,"column":4},"end":{"line":127,"column":null}},"23":{"start":{"line":131,"column":4},"end":{"line":134,"column":null}},"24":{"start":{"line":139,"column":4},"end":{"line":148,"column":null}},"25":{"start":{"line":153,"column":4},"end":{"line":155,"column":null}},"26":{"start":{"line":160,"column":4},"end":{"line":162,"column":null}}},"fnMap":{"0":{"name":"(anonymous_1)","decl":{"start":{"line":66,"column":34},"end":{"line":66,"column":null}},"loc":{"start":{"line":66,"column":34},"end":{"line":68,"column":null}}},"1":{"name":"(anonymous_2)","decl":{"start":{"line":71,"column":32},"end":{"line":71,"column":33}},"loc":{"start":{"line":71,"column":44},"end":{"line":86,"column":null}}},"2":{"name":"(anonymous_3)","decl":{"start":{"line":80,"column":47},"end":{"line":80,"column":56}},"loc":{"start":{"line":80,"column":56},"end":{"line":80,"column":null}}},"3":{"name":"(anonymous_4)","decl":{"start":{"line":88,"column":39},"end":{"line":88,"column":null}},"loc":{"start":{"line":88,"column":39},"end":{"line":93,"column":null}}},"4":{"name":"(anonymous_5)","decl":{"start":{"line":95,"column":37},"end":{"line":95,"column":null}},"loc":{"start":{"line":95,"column":37},"end":{"line":100,"column":null}}},"5":{"name":"(anonymous_6)","decl":{"start":{"line":102,"column":48},"end":{"line":102,"column":49}},"loc":{"start":{"line":102,"column":59},"end":{"line":107,"column":null}}},"6":{"name":"(anonymous_7)","decl":{"start":{"line":109,"column":54},"end":{"line":109,"column":55}},"loc":{"start":{"line":109,"column":65},"end":{"line":114,"column":null}}},"7":{"name":"(anonymous_8)","decl":{"start":{"line":116,"column":49},"end":{"line":116,"column":50}},"loc":{"start":{"line":116,"column":60},"end":{"line":121,"column":null}}},"8":{"name":"(anonymous_9)","decl":{"start":{"line":123,"column":48},"end":{"line":123,"column":49}},"loc":{"start":{"line":123,"column":59},"end":{"line":128,"column":null}}},"9":{"name":"(anonymous_10)","decl":{"start":{"line":130,"column":47},"end":{"line":130,"column":48}},"loc":{"start":{"line":130,"column":58},"end":{"line":135,"column":null}}},"10":{"name":"(anonymous_11)","decl":{"start":{"line":138,"column":44},"end":{"line":138,"column":null}},"loc":{"start":{"line":138,"column":44},"end":{"line":149,"column":null}}},"11":{"name":"(anonymous_12)","decl":{"start":{"line":152,"column":37},"end":{"line":152,"column":null}},"loc":{"start":{"line":152,"column":37},"end":{"line":157,"column":null}}},"12":{"name":"(anonymous_13)","decl":{"start":{"line":159,"column":45},"end":{"line":159,"column":null}},"loc":{"start":{"line":159,"column":45},"end":{"line":164,"column":null}}}},"branchMap":{"0":{"loc":{"start":{"line":4,"column":17},"end":{"line":4,"column":null}},"type":"binary-expr","locations":[{"start":{"line":4,"column":17},"end":{"line":4,"column":48}},{"start":{"line":4,"column":52},"end":{"line":4,"column":null}}]},"1":{"loc":{"start":{"line":74,"column":27},"end":{"line":74,"column":null}},"type":"binary-expr","locations":[{"start":{"line":74,"column":27},"end":{"line":74,"column":60}},{"start":{"line":74,"column":60},"end":{"line":74,"column":null}}]},"2":{"loc":{"start":{"line":75,"column":28},"end":{"line":75,"column":null}},"type":"binary-expr","locations":[{"start":{"line":75,"column":28},"end":{"line":75,"column":62}},{"start":{"line":75,"column":62},"end":{"line":75,"column":null}}]},"3":{"loc":{"start":{"line":79,"column":4},"end":{"line":81,"column":null}},"type":"if","locations":[{"start":{"line":79,"column":4},"end":{"line":81,"column":null}}]}},"s":{"0":0,"1":0,"2":0,"3":0,"4":0,"5":0,"6":0,"7":0,"8":0,"9":0,"10":0,"11":0,"12":0,"13":0,"14":0,"15":0,"16":0,"17":0,"18":0,"19":0,"20":0,"21":0,"22":0,"23":0,"24":0,"25":0,"26":0},"f":{"0":0,"1":0,"2":0,"3":0,"4":0,"5":0,"6":0,"7":0,"8":0,"9":0,"10":0,"11":0,"12":0},"b":{"0":[0,0],"1":[0,0],"2":[0,0],"3":[0]}}
,"/home/lrabbets/repos/the-pile/the-pile-web/src/mocks/server.ts": {"path":"/home/lrabbets/repos/the-pile/the-pile-web/src/mocks/server.ts","statementMap":{"0":{"start":{"line":5,"column":13},"end":{"line":5,"column":22}},"1":{"start":{"line":1,"column":28},"end":{"line":1,"column":null}},"2":{"start":{"line":2,"column":25},"end":{"line":2,"column":null}},"3":{"start":{"line":5,"column":22},"end":{"line":5,"column":null}}},"fnMap":{},"branchMap":{},"s":{"0":0,"1":0,"2":0,"3":0},"f":{},"b":{}}
,"/home/lrabbets/repos/the-pile/the-pile-web/src/types/index.ts": {"path":"/home/lrabbets/repos/the-pile/the-pile-web/src/types/index.ts","statementMap":{"0":{"start":{"line":17,"column":12},"end":{"line":17,"column":null}}},"fnMap":{"0":{"name":"(anonymous_1)","decl":{"start":{"line":17,"column":12},"end":{"line":17,"column":null}},"loc":{"start":{"line":17,"column":12},"end":{"line":17,"column":null}}}},"branchMap":{"0":{"loc":{"start":{"line":17,"column":12},"end":{"line":17,"column":null}},"type":"binary-expr","locations":[{"start":{"line":17,"column":12},"end":{"line":17,"column":null}},{"start":{"line":17,"column":12},"end":{"line":17,"column":null}}]}},"s":{"0":0},"f":{"0":0},"b":{"0":[0,0]}}
}
