TN:
SF:src/app/page.tsx
FN:6,HomePage
FNF:1
FNH:0
FNDA:0,HomePage
DA:1,0
DA:2,0
DA:3,0
DA:4,0
DA:6,0
LF:5
LH:0
BRF:0
BRH:0
end_of_record
TN:
SF:src/app/auth/callback/page.tsx
FN:7,AuthCallbackPage
FN:11,(anonymous_2)
FNF:2
FNH:0
FNDA:0,AuthCallbackPage
FNDA:0,(anonymous_2)
DA:3,0
DA:4,0
DA:5,0
DA:7,0
DA:8,0
DA:9,0
DA:11,0
DA:12,0
DA:14,0
DA:16,0
DA:18,0
DA:21,0
LF:12
LH:0
BRDA:14,0,0,0
BRDA:14,0,1,0
BRF:2
BRH:0
end_of_record
TN:
SF:src/app/auth/steam/page.tsx
FN:8,SteamAuthPage
FN:11,(anonymous_2)
FNF:2
FNH:0
FNDA:0,SteamAuthPage
FNDA:0,(anonymous_2)
DA:3,0
DA:4,0
DA:5,0
DA:6,0
DA:8,0
DA:9,0
DA:11,0
DA:13,0
LF:8
LH:0
BRDA:28,0,0,0
BRF:1
BRH:0
end_of_record
TN:
SF:src/app/pile/page.tsx
FN:19,PilePage
FN:114,(anonymous_3)
FN:117,(anonymous_4)
FN:154,(anonymous_5)
FN:161,(anonymous_6)
FN:163,(anonymous_7)
FN:177,(anonymous_8)
FN:179,(anonymous_9)
FN:183,(anonymous_10)
FN:187,(anonymous_11)
FNF:10
FNH:0
FNDA:0,PilePage
FNDA:0,(anonymous_3)
FNDA:0,(anonymous_4)
FNDA:0,(anonymous_5)
FNDA:0,(anonymous_6)
FNDA:0,(anonymous_7)
FNDA:0,(anonymous_8)
FNDA:0,(anonymous_9)
FNDA:0,(anonymous_10)
FNDA:0,(anonymous_11)
DA:3,0
DA:6,0
DA:8,0
DA:9,0
DA:10,0
DA:11,0
DA:12,0
DA:15,0
DA:16,0
DA:17,0
DA:19,0
DA:20,0
DA:21,0
DA:22,0
DA:23,0
DA:24,0
DA:26,0
DA:39,0
DA:50,0
DA:115,0
DA:118,0
DA:154,0
DA:163,0
DA:164,0
DA:165,0
DA:177,0
DA:180,0
DA:181,0
DA:184,0
DA:185,0
DA:188,0
DA:189,0
LF:32
LH:0
BRDA:26,0,0,0
BRDA:39,1,0,0
BRDA:50,2,0,0
BRDA:50,3,0,0
BRDA:50,3,1,0
BRDA:164,4,0,0
BRDA:174,5,0,0
BRF:7
BRH:0
end_of_record
TN:
SF:src/app/stats/page.tsx
FN:11,StatsPage
FN:16,(anonymous_3)
FN:25,(anonymous_4)
FN:34,(anonymous_5)
FN:43,(anonymous_6)
FN:68,(anonymous_7)
FN:69,(anonymous_8)
FN:70,(anonymous_9)
FN:71,(anonymous_10)
FN:72,(anonymous_11)
FN:73,(anonymous_12)
FN:74,(anonymous_13)
FN:258,(anonymous_14)
FNF:13
FNH:0
FNDA:0,StatsPage
FNDA:0,(anonymous_3)
FNDA:0,(anonymous_4)
FNDA:0,(anonymous_5)
FNDA:0,(anonymous_6)
FNDA:0,(anonymous_7)
FNDA:0,(anonymous_8)
FNDA:0,(anonymous_9)
FNDA:0,(anonymous_10)
FNDA:0,(anonymous_11)
FNDA:0,(anonymous_12)
FNDA:0,(anonymous_13)
FNDA:0,(anonymous_14)
DA:3,0
DA:4,0
DA:5,0
DA:6,0
DA:7,0
DA:8,0
DA:9,0
DA:11,0
DA:12,0
DA:14,0
DA:17,0
DA:18,0
DA:23,0
DA:26,0
DA:27,0
DA:32,0
DA:35,0
DA:36,0
DA:41,0
DA:44,0
DA:45,0
DA:50,0
DA:63,0
DA:66,0
DA:68,0
DA:69,0
DA:70,0
DA:71,0
DA:72,0
DA:73,0
DA:74,0
DA:259,0
LF:32
LH:0
BRDA:50,0,0,0
BRDA:63,1,0,0
BRDA:63,1,1,0
BRDA:66,2,0,0
BRDA:66,2,1,0
BRDA:74,3,0,0
BRDA:74,3,1,0
BRDA:97,4,0,0
BRDA:105,5,0,0
BRDA:114,6,0,0
BRDA:114,6,1,0
BRDA:127,7,0,0
BRDA:127,7,1,0
BRDA:137,8,0,0
BRDA:137,8,1,0
BRDA:140,9,0,0
BRDA:140,9,1,0
BRDA:150,10,0,0
BRDA:150,10,1,0
BRDA:163,11,0,0
BRDA:163,11,1,0
BRDA:182,12,0,0
BRDA:182,12,1,0
BRDA:189,13,0,0
BRDA:189,13,1,0
BRDA:196,14,0,0
BRDA:196,14,1,0
BRDA:203,15,0,0
BRDA:203,15,1,0
BRDA:210,16,0,0
BRDA:210,16,1,0
BRDA:221,17,0,0
BRDA:221,17,1,0
BRDA:230,18,0,0
BRDA:230,18,1,0
BRDA:240,19,0,0
BRDA:240,19,1,0
BRDA:240,20,0,0
BRDA:240,20,1,0
BRDA:254,21,0,0
BRDA:254,21,1,0
BRF:41
BRH:0
end_of_record
TN:
SF:src/components/ecosystem-monument.tsx
FN:34,(anonymous_5)
FN:45,(anonymous_6)
FN:61,(anonymous_7)
FN:80,(anonymous_8)
FN:83,(anonymous_9)
FN:111,EcosystemMonument
FN:116,(anonymous_11)
FN:128,(anonymous_12)
FN:134,(anonymous_13)
FN:150,(anonymous_14)
FN:163,(anonymous_15)
FN:181,(anonymous_16)
FN:222,(anonymous_17)
FN:231,(anonymous_18)
FN:245,(anonymous_19)
FN:251,(anonymous_20)
FN:253,(anonymous_21)
FN:273,(anonymous_22)
FN:275,(anonymous_23)
FN:276,(anonymous_24)
FN:277,(anonymous_25)
FN:278,(anonymous_26)
FN:285,(anonymous_27)
FN:292,(anonymous_28)
FN:332,(anonymous_30)
FN:551,(anonymous_31)
FN:571,(anonymous_32)
FN:579,(anonymous_33)
FN:580,(anonymous_34)
FN:581,(anonymous_35)
FN:589,(anonymous_36)
FN:590,(anonymous_37)
FNF:32
FNH:0
FNDA:0,(anonymous_5)
FNDA:0,(anonymous_6)
FNDA:0,(anonymous_7)
FNDA:0,(anonymous_8)
FNDA:0,(anonymous_9)
FNDA:0,EcosystemMonument
FNDA:0,(anonymous_11)
FNDA:0,(anonymous_12)
FNDA:0,(anonymous_13)
FNDA:0,(anonymous_14)
FNDA:0,(anonymous_15)
FNDA:0,(anonymous_16)
FNDA:0,(anonymous_17)
FNDA:0,(anonymous_18)
FNDA:0,(anonymous_19)
FNDA:0,(anonymous_20)
FNDA:0,(anonymous_21)
FNDA:0,(anonymous_22)
FNDA:0,(anonymous_23)
FNDA:0,(anonymous_24)
FNDA:0,(anonymous_25)
FNDA:0,(anonymous_26)
FNDA:0,(anonymous_27)
FNDA:0,(anonymous_28)
FNDA:0,(anonymous_30)
FNDA:0,(anonymous_31)
FNDA:0,(anonymous_32)
FNDA:0,(anonymous_33)
FNDA:0,(anonymous_34)
FNDA:0,(anonymous_35)
FNDA:0,(anonymous_36)
FNDA:0,(anonymous_37)
DA:3,0
DA:4,0
DA:5,0
DA:6,0
DA:7,0
DA:34,0
DA:35,0
DA:36,0
DA:37,0
DA:38,0
DA:39,0
DA:40,0
DA:41,0
DA:45,0
DA:46,0
DA:57,0
DA:61,0
DA:63,0
DA:64,0
DA:67,0
DA:69,0
DA:75,0
DA:80,0
DA:82,0
DA:83,0
DA:84,0
DA:85,0
DA:88,0
DA:89,0
DA:92,0
DA:93,0
DA:94,0
DA:95,0
DA:97,0
DA:98,0
DA:101,0
DA:102,0
DA:103,0
DA:105,0
DA:111,0
DA:112,0
DA:113,0
DA:116,0
DA:117,0
DA:119,0
DA:120,0
DA:121,0
DA:122,0
DA:123,0
DA:126,0
DA:128,0
DA:129,0
DA:131,0
DA:134,0
DA:135,0
DA:136,0
DA:137,0
DA:138,0
DA:139,0
DA:140,0
DA:141,0
DA:147,0
DA:150,0
DA:151,0
DA:163,0
DA:172,0
DA:173,0
DA:174,0
DA:175,0
DA:176,0
DA:177,0
DA:178,0
DA:181,0
DA:182,0
DA:183,0
DA:184,0
DA:190,0
DA:194,0
DA:195,0
DA:196,0
DA:201,0
DA:222,0
DA:223,0
DA:224,0
DA:225,0
DA:226,0
DA:231,0
DA:233,0
DA:234,0
DA:236,0
DA:243,0
DA:244,0
DA:245,0
DA:250,0
DA:251,0
DA:253,0
DA:254,0
DA:255,0
DA:256,0
DA:257,0
DA:259,0
DA:273,0
DA:274,0
DA:275,0
DA:276,0
DA:277,0
DA:278,0
DA:280,0
DA:282,0
DA:285,0
DA:286,0
DA:287,0
DA:288,0
DA:289,0
DA:292,0
DA:293,0
DA:295,0
DA:296,0
DA:297,0
DA:298,0
DA:299,0
DA:300,0
DA:301,0
DA:302,0
DA:304,0
DA:332,0
DA:333,0
DA:334,0
DA:335,0
DA:337,0
DA:339,0
DA:370,0
DA:433,0
DA:479,0
DA:515,0
DA:551,0
DA:572,0
DA:579,0
DA:580,0
DA:581,0
DA:590,0
DA:591,0
LF:142
LH:0
BRDA:35,0,0,0
BRDA:35,0,1,0
BRDA:35,0,2,0
BRDA:35,0,3,0
BRDA:35,0,4,0
BRDA:35,0,5,0
BRDA:46,1,0,0
BRDA:46,1,1,0
BRDA:63,2,0,0
BRDA:63,2,1,0
BRDA:63,3,0,0
BRDA:63,3,1,0
BRDA:63,4,0,0
BRDA:63,4,1,0
BRDA:67,5,0,0
BRDA:67,5,1,0
BRDA:69,6,0,0
BRDA:92,7,0,0
BRDA:92,7,1,0
BRDA:92,8,0,0
BRDA:92,8,1,0
BRDA:101,9,0,0
BRDA:101,9,1,0
BRDA:101,10,0,0
BRDA:101,10,1,0
BRDA:111,11,0,0
BRDA:117,12,0,0
BRDA:129,13,0,0
BRDA:135,14,0,0
BRDA:182,15,0,0
BRDA:182,15,1,0
BRDA:201,16,0,0
BRDA:201,17,0,0
BRDA:201,17,1,0
BRDA:209,18,0,0
BRDA:209,18,1,0
BRDA:212,19,0,0
BRDA:212,19,1,0
BRDA:224,20,0,0
BRDA:225,21,0,0
BRDA:226,22,0,0
BRDA:234,23,0,0
BRDA:244,24,0,0
BRDA:251,25,0,0
BRDA:251,25,1,0
BRDA:251,26,0,0
BRDA:251,26,1,0
BRDA:280,27,0,0
BRDA:280,27,1,0
BRDA:286,28,0,0
BRDA:287,29,0,0
BRDA:295,30,0,0
BRDA:295,30,1,0
BRDA:295,31,0,0
BRDA:295,31,1,0
BRDA:297,32,0,0
BRDA:297,32,1,0
BRDA:299,33,0,0
BRDA:299,33,1,0
BRDA:301,34,0,0
BRDA:301,34,1,0
BRDA:334,35,0,0
BRDA:334,35,1,0
BRDA:335,36,0,0
BRDA:335,36,1,0
BRDA:335,37,0,0
BRDA:335,37,1,0
BRDA:337,38,0,0
BRDA:337,38,1,0
BRDA:337,38,2,0
BRDA:337,38,3,0
BRDA:337,38,4,0
BRDA:350,39,0,0
BRDA:350,39,1,0
BRDA:396,40,0,0
BRDA:396,40,1,0
BRDA:458,41,0,0
BRDA:458,41,1,0
BRDA:490,42,0,0
BRDA:490,42,1,0
BRDA:495,43,0,0
BRDA:587,44,0,0
BRDA:591,45,0,0
BRF:83
BRH:0
end_of_record
TN:
SF:src/components/game-detail-modal.tsx
FN:76,GameDetailModal
FN:85,(anonymous_5)
FN:86,(anonymous_6)
FN:95,(anonymous_7)
FN:108,(anonymous_8)
FN:119,(anonymous_9)
FN:172,(anonymous_10)
FN:202,(anonymous_11)
FN:211,(anonymous_12)
FN:224,(anonymous_13)
FN:292,(anonymous_14)
FN:308,(anonymous_15)
FN:327,(anonymous_16)
FN:363,(anonymous_17)
FN:367,(anonymous_18)
FN:373,(anonymous_19)
FNF:16
FNH:0
FNDA:0,GameDetailModal
FNDA:0,(anonymous_5)
FNDA:0,(anonymous_6)
FNDA:0,(anonymous_7)
FNDA:0,(anonymous_8)
FNDA:0,(anonymous_9)
FNDA:0,(anonymous_10)
FNDA:0,(anonymous_11)
FNDA:0,(anonymous_12)
FNDA:0,(anonymous_13)
FNDA:0,(anonymous_14)
FNDA:0,(anonymous_15)
FNDA:0,(anonymous_16)
FNDA:0,(anonymous_17)
FNDA:0,(anonymous_18)
FNDA:0,(anonymous_19)
DA:3,0
DA:4,0
DA:5,0
DA:38,0
DA:76,0
DA:85,0
DA:86,0
DA:87,0
DA:90,0
DA:91,0
DA:92,0
DA:95,0
DA:96,0
DA:97,0
DA:101,0
DA:103,0
DA:104,0
DA:108,0
DA:109,0
DA:110,0
DA:111,0
DA:112,0
DA:113,0
DA:114,0
DA:115,0
DA:116,0
DA:119,0
DA:120,0
DA:121,0
DA:122,0
DA:123,0
DA:126,0
DA:173,0
DA:202,0
DA:211,0
DA:224,0
DA:292,0
DA:309,0
DA:328,0
DA:364,0
DA:367,0
DA:374,0
LF:42
LH:0
BRDA:87,0,0,0
BRDA:90,1,0,0
BRDA:101,2,0,0
BRDA:101,3,0,0
BRDA:101,3,1,0
BRDA:103,4,0,0
BRDA:103,4,1,0
BRDA:104,5,0,0
BRDA:104,5,1,0
BRDA:109,6,0,0
BRDA:110,7,0,0
BRDA:113,8,0,0
BRDA:113,9,0,0
BRDA:113,9,1,0
BRDA:120,10,0,0
BRDA:120,10,1,0
BRDA:120,11,0,0
BRDA:120,11,1,0
BRDA:121,12,0,0
BRDA:122,13,0,0
BRDA:122,13,1,0
BRDA:169,14,0,0
BRDA:169,14,1,0
BRDA:170,15,0,0
BRDA:170,15,1,0
BRDA:197,16,0,0
BRDA:220,17,0,0
BRDA:236,18,0,0
BRDA:243,19,0,0
BRDA:250,20,0,0
BRDA:257,21,0,0
BRDA:259,22,0,0
BRDA:259,22,1,0
BRDA:259,23,0,0
BRDA:259,23,1,0
BRDA:273,24,0,0
BRDA:273,24,1,0
BRDA:276,25,0,0
BRDA:282,26,0,0
BRDA:288,27,0,0
BRDA:302,28,0,0
BRDA:302,28,1,0
BRDA:321,29,0,0
BRDA:321,29,1,0
BRDA:340,30,0,0
BRDA:347,31,0,0
BRDA:347,31,1,0
BRDA:357,32,0,0
BRDA:357,32,1,0
BRDA:380,33,0,0
BRDA:389,34,0,0
BRDA:402,35,0,0
BRDA:411,36,0,0
BRDA:411,36,1,0
BRDA:411,37,0,0
BRDA:411,37,1,0
BRDA:416,38,0,0
BRDA:416,38,1,0
BRDA:417,39,0,0
BRDA:417,39,1,0
BRDA:418,40,0,0
BRDA:418,40,1,0
BRDA:434,41,0,0
BRDA:434,41,1,0
BRDA:445,42,0,0
BRDA:445,42,1,0
BRDA:456,43,0,0
BRDA:456,43,1,0
BRDA:456,44,0,0
BRDA:456,44,1,0
BRF:70
BRH:0
end_of_record
TN:
SF:src/components/game-tombstone.tsx
FN:72,GameTombstone
FN:81,(anonymous_5)
FN:123,(anonymous_6)
FN:133,(anonymous_7)
FN:167,(anonymous_8)
FN:187,(anonymous_9)
FN:207,(anonymous_10)
FN:216,(anonymous_11)
FN:262,GameGraveyard
FN:272,(anonymous_13)
FN:275,(anonymous_14)
FN:288,(anonymous_15)
FN:323,(anonymous_16)
FNF:13
FNH:0
FNDA:0,GameTombstone
FNDA:0,(anonymous_5)
FNDA:0,(anonymous_6)
FNDA:0,(anonymous_7)
FNDA:0,(anonymous_8)
FNDA:0,(anonymous_9)
FNDA:0,(anonymous_10)
FNDA:0,(anonymous_11)
FNDA:0,GameGraveyard
FNDA:0,(anonymous_13)
FNDA:0,(anonymous_14)
FNDA:0,(anonymous_15)
FNDA:0,(anonymous_16)
DA:3,0
DA:4,0
DA:5,0
DA:24,0
DA:72,0
DA:78,0
DA:79,0
DA:81,0
DA:82,0
DA:83,0
DA:84,0
DA:85,0
DA:86,0
DA:87,0
DA:88,0
DA:89,0
DA:123,0
DA:134,0
DA:167,0
DA:188,0
DA:207,0
DA:216,0
DA:262,0
DA:271,0
DA:272,0
DA:275,0
DA:276,0
DA:278,0
DA:285,0
DA:288,0
DA:289,0
DA:291,0
DA:298,0
DA:324,0
LF:34
LH:0
BRDA:82,0,0,0
BRDA:83,1,0,0
BRDA:86,2,0,0
BRDA:86,3,0,0
BRDA:86,3,1,0
BRDA:126,4,0,0
BRDA:126,4,1,0
BRDA:131,5,0,0
BRDA:131,5,1,0
BRDA:177,6,0,0
BRDA:185,7,0,0
BRDA:185,7,1,0
BRDA:201,8,0,0
BRDA:224,9,0,0
BRDA:236,10,0,0
BRDA:267,11,0,0
BRDA:271,12,0,0
BRDA:271,12,1,0
BRDA:276,13,0,0
BRDA:285,14,0,0
BRDA:285,14,1,0
BRDA:289,15,0,0
BRDA:298,16,0,0
BRDA:298,16,1,0
BRDA:314,17,0,0
BRDA:334,18,0,0
BRDA:337,19,0,0
BRDA:337,19,1,0
BRDA:340,20,0,0
BRDA:340,20,1,0
BRF:30
BRH:0
end_of_record
TN:
SF:src/components/import-library-button.tsx
FN:9,ImportLibraryButton
FN:13,(anonymous_2)
FNF:2
FNH:0
FNDA:0,ImportLibraryButton
FNDA:0,(anonymous_2)
DA:3,0
DA:4,0
DA:5,0
DA:6,0
DA:7,0
DA:9,0
DA:10,0
DA:11,0
DA:13,0
DA:14,0
DA:15,0
DA:16,0
DA:18,0
DA:19,0
DA:21,0
DA:22,0
DA:24,0
LF:17
LH:0
BRDA:34,0,0,0
BRDA:34,0,1,0
BRF:2
BRH:0
end_of_record
TN:
SF:src/components/pile-visualization.tsx
FN:24,GameCube
FN:33,PileScene
FN:34,(anonymous_3)
FN:45,(anonymous_4)
FN:62,(anonymous_5)
FN:96,(anonymous_6)
FN:114,PileVisualization
FNF:7
FNH:0
FNDA:0,GameCube
FNDA:0,PileScene
FNDA:0,(anonymous_3)
FNDA:0,(anonymous_4)
FNDA:0,(anonymous_5)
FNDA:0,(anonymous_6)
FNDA:0,PileVisualization
DA:3,0
DA:4,0
DA:5,0
DA:34,0
DA:35,0
DA:41,0
DA:45,0
DA:46,0
DA:47,0
DA:59,0
DA:60,0
DA:62,0
DA:63,0
DA:65,0
DA:76,0
DA:77,0
DA:78,0
DA:79,0
DA:80,0
DA:81,0
DA:82,0
DA:87,0
DA:97,0
DA:114,0
LF:24
LH:0
BRDA:35,0,0,0
BRDA:47,1,0,0
BRDA:47,1,1,0
BRDA:56,2,0,0
BRDA:56,2,1,0
BRDA:77,3,0,0
BRDA:80,4,0,0
BRF:7
BRH:0
end_of_record
TN:
SF:src/components/sacred-relic.tsx
FN:61,SacredRelic
FN:77,(anonymous_5)
FN:159,SacredAltar
FN:161,(anonymous_7)
FN:162,(anonymous_8)
FN:163,(anonymous_9)
FN:164,(anonymous_10)
FN:167,(anonymous_11)
FN:189,(anonymous_12)
FN:222,(anonymous_13)
FNF:10
FNH:0
FNDA:0,SacredRelic
FNDA:0,(anonymous_5)
FNDA:0,SacredAltar
FNDA:0,(anonymous_7)
FNDA:0,(anonymous_8)
FNDA:0,(anonymous_9)
FNDA:0,(anonymous_10)
FNDA:0,(anonymous_11)
FNDA:0,(anonymous_12)
FNDA:0,(anonymous_13)
DA:3,0
DA:4,0
DA:14,0
DA:61,0
DA:62,0
DA:63,0
DA:77,0
DA:159,0
DA:160,0
DA:161,0
DA:162,0
DA:163,0
DA:164,0
DA:167,0
DA:169,0
DA:170,0
DA:189,0
DA:222,0
LF:18
LH:0
BRDA:61,0,0,0
BRDA:61,1,0,0
BRDA:74,2,0,0
BRDA:74,2,1,0
BRDA:82,3,0,0
BRDA:82,3,1,0
BRDA:159,4,0,0
BRDA:169,5,0,0
BRDA:169,5,1,0
BRDA:183,6,0,0
BRF:10
BRH:0
end_of_record
TN:
SF:src/components/ui/button.tsx
FN:49,(anonymous_6)
FNF:1
FNH:0
FNDA:0,(anonymous_6)
DA:1,0
DA:2,0
DA:3,0
DA:5,0
DA:48,0
DA:50,0
DA:52,0
DA:54,0
DA:55,0
DA:79,0
DA:81,0
LF:11
LH:0
BRDA:49,0,0,0
BRDA:52,1,0,0
BRF:2
BRH:0
end_of_record
TN:
SF:src/components/ui/tooltip.tsx
FN:9,Tooltip
FNF:1
FNH:0
FNDA:0,Tooltip
DA:1,0
DA:9,0
LF:2
LH:0
BRDA:9,0,0,0
BRF:1
BRH:0
end_of_record
TN:
SF:src/lib/api.ts
FN:14,(anonymous_7)
FN:24,(anonymous_8)
FN:25,(anonymous_9)
FN:35,(anonymous_10)
FN:36,(anonymous_11)
FN:40,(anonymous_12)
FN:47,(anonymous_13)
FN:48,(anonymous_14)
FN:51,(anonymous_15)
FN:53,(anonymous_16)
FN:55,(anonymous_17)
FN:57,(anonymous_18)
FN:59,(anonymous_19)
FN:64,(anonymous_20)
FN:65,(anonymous_21)
FN:66,(anonymous_22)
FN:70,(anonymous_23)
FN:71,(anonymous_24)
FNF:18
FNH:0
FNDA:0,(anonymous_7)
FNDA:0,(anonymous_8)
FNDA:0,(anonymous_9)
FNDA:0,(anonymous_10)
FNDA:0,(anonymous_11)
FNDA:0,(anonymous_12)
FNDA:0,(anonymous_13)
FNDA:0,(anonymous_14)
FNDA:0,(anonymous_15)
FNDA:0,(anonymous_16)
FNDA:0,(anonymous_17)
FNDA:0,(anonymous_18)
FNDA:0,(anonymous_19)
FNDA:0,(anonymous_20)
FNDA:0,(anonymous_21)
FNDA:0,(anonymous_22)
FNDA:0,(anonymous_23)
FNDA:0,(anonymous_24)
DA:1,0
DA:4,0
DA:6,0
DA:14,0
DA:15,0
DA:16,0
DA:17,0
DA:19,0
DA:23,0
DA:24,0
DA:26,0
DA:27,0
DA:28,0
DA:30,0
DA:34,0
DA:35,0
DA:36,0
DA:39,0
DA:45,0
DA:47,0
DA:48,0
DA:52,0
DA:54,0
DA:56,0
DA:58,0
DA:60,0
DA:63,0
DA:64,0
DA:65,0
DA:66,0
DA:69,0
DA:70,0
DA:71,0
DA:74,0
LF:34
LH:0
BRDA:4,0,0,0
BRDA:4,0,1,0
BRDA:16,1,0,0
BRDA:26,2,0,0
BRF:4
BRH:0
end_of_record
TN:
SF:src/lib/auth-provider.tsx
FN:17,AuthProvider
FN:21,(anonymous_4)
FN:31,(anonymous_5)
FN:39,(anonymous_6)
FN:48,(anonymous_7)
FN:55,(anonymous_8)
FN:75,useAuth
FNF:7
FNH:0
FNDA:0,AuthProvider
FNDA:0,(anonymous_4)
FNDA:0,(anonymous_5)
FNDA:0,(anonymous_6)
FNDA:0,(anonymous_7)
FNDA:0,(anonymous_8)
FNDA:0,useAuth
DA:3,0
DA:4,0
DA:5,0
DA:15,0
DA:17,0
DA:18,0
DA:21,0
DA:22,0
DA:23,0
DA:24,0
DA:29,0
DA:32,0
DA:33,0
DA:39,0
DA:40,0
DA:42,0
DA:44,0
DA:48,0
DA:49,0
DA:50,0
DA:51,0
DA:55,0
DA:56,0
DA:57,0
DA:61,0
DA:75,0
DA:76,0
DA:77,0
DA:78,0
DA:80,0
LF:30
LH:0
BRDA:23,0,0,0
BRDA:56,1,0,0
BRDA:62,2,0,0
BRDA:62,2,1,0
BRDA:63,3,0,0
BRDA:63,3,1,0
BRDA:77,4,0,0
BRF:7
BRH:0
end_of_record
TN:
SF:src/lib/hooks.ts
FN:6,(anonymous_3)
FN:7,(anonymous_4)
FN:10,(anonymous_5)
FN:13,(anonymous_6)
FN:22,(anonymous_7)
FN:25,(anonymous_8)
FN:30,(anonymous_9)
FN:32,(anonymous_10)
FN:36,(anonymous_11)
FN:42,(anonymous_12)
FN:43,(anonymous_13)
FN:47,(anonymous_14)
FN:53,(anonymous_15)
FN:54,(anonymous_16)
FN:58,(anonymous_17)
FN:64,(anonymous_18)
FN:66,(anonymous_19)
FN:70,(anonymous_20)
FN:76,(anonymous_21)
FN:80,(anonymous_22)
FN:84,(anonymous_23)
FNF:21
FNH:0
FNDA:0,(anonymous_3)
FNDA:0,(anonymous_4)
FNDA:0,(anonymous_5)
FNDA:0,(anonymous_6)
FNDA:0,(anonymous_7)
FNDA:0,(anonymous_8)
FNDA:0,(anonymous_9)
FNDA:0,(anonymous_10)
FNDA:0,(anonymous_11)
FNDA:0,(anonymous_12)
FNDA:0,(anonymous_13)
FNDA:0,(anonymous_14)
FNDA:0,(anonymous_15)
FNDA:0,(anonymous_16)
FNDA:0,(anonymous_17)
FNDA:0,(anonymous_18)
FNDA:0,(anonymous_19)
FNDA:0,(anonymous_20)
FNDA:0,(anonymous_21)
FNDA:0,(anonymous_22)
FNDA:0,(anonymous_23)
DA:1,0
DA:2,0
DA:5,0
DA:6,0
DA:7,0
DA:10,0
DA:11,0
DA:14,0
DA:15,0
DA:22,0
DA:23,0
DA:25,0
DA:26,0
DA:29,0
DA:31,0
DA:33,0
DA:34,0
DA:37,0
DA:41,0
DA:42,0
DA:44,0
DA:45,0
DA:48,0
DA:52,0
DA:53,0
DA:55,0
DA:56,0
DA:59,0
DA:63,0
DA:65,0
DA:67,0
DA:68,0
DA:71,0
DA:75,0
DA:79,0
DA:81,0
DA:82,0
DA:85,0
DA:89,0
LF:39
LH:0
BRDA:10,0,0,0
BRDA:37,1,0,0
BRDA:37,1,1,0
BRDA:48,2,0,0
BRDA:48,2,1,0
BRDA:59,3,0,0
BRDA:59,3,1,0
BRDA:71,4,0,0
BRDA:71,4,1,0
BRDA:85,5,0,0
BRDA:85,5,1,0
BRF:11
BRH:0
end_of_record
TN:
SF:src/lib/query-provider.tsx
FN:7,QueryProvider
FN:8,(anonymous_2)
FNF:2
FNH:0
FNDA:0,QueryProvider
FNDA:0,(anonymous_2)
DA:3,0
DA:4,0
DA:5,0
DA:7,0
DA:8,0
LF:5
LH:0
BRF:0
BRH:0
end_of_record
TN:
SF:src/lib/utils.ts
FN:4,cn
FN:8,formatCurrency
FN:15,formatPlaytime
FN:30,calculateShameLevel
FN:68,getRandomShameMessage
FNF:5
FNH:0
FNDA:0,cn
FNDA:0,formatCurrency
FNDA:0,formatPlaytime
FNDA:0,calculateShameLevel
FNDA:0,getRandomShameMessage
DA:1,0
DA:2,0
DA:4,0
DA:5,0
DA:8,0
DA:9,0
DA:15,0
DA:16,0
DA:17,0
DA:20,0
DA:21,0
DA:22,0
DA:25,0
DA:26,0
DA:27,0
DA:30,0
DA:35,0
DA:36,0
DA:41,0
DA:42,0
DA:47,0
DA:48,0
DA:53,0
DA:54,0
DA:60,0
DA:68,0
DA:69,0
DA:80,0
LF:28
LH:0
BRDA:16,0,0,0
BRDA:21,1,0,0
BRDA:27,2,0,0
BRDA:27,2,1,0
BRDA:35,3,0,0
BRDA:35,3,1,0
BRDA:41,4,0,0
BRDA:41,4,1,0
BRDA:47,5,0,0
BRDA:47,5,1,0
BRDA:53,6,0,0
BRDA:53,6,1,0
BRF:12
BRH:0
end_of_record
TN:
SF:src/mocks/handlers.ts
FN:66,(anonymous_1)
FN:71,(anonymous_2)
FN:80,(anonymous_3)
FN:88,(anonymous_4)
FN:95,(anonymous_5)
FN:102,(anonymous_6)
FN:109,(anonymous_7)
FN:116,(anonymous_8)
FN:123,(anonymous_9)
FN:130,(anonymous_10)
FN:138,(anonymous_11)
FN:152,(anonymous_12)
FN:159,(anonymous_13)
FNF:13
FNH:0
FNDA:0,(anonymous_1)
FNDA:0,(anonymous_2)
FNDA:0,(anonymous_3)
FNDA:0,(anonymous_4)
FNDA:0,(anonymous_5)
FNDA:0,(anonymous_6)
FNDA:0,(anonymous_7)
FNDA:0,(anonymous_8)
FNDA:0,(anonymous_9)
FNDA:0,(anonymous_10)
FNDA:0,(anonymous_11)
FNDA:0,(anonymous_12)
FNDA:0,(anonymous_13)
DA:1,0
DA:4,0
DA:7,0
DA:15,0
DA:64,0
DA:67,0
DA:72,0
DA:73,0
DA:74,0
DA:75,0
DA:77,0
DA:79,0
DA:80,0
DA:83,0
DA:85,0
DA:89,0
DA:96,0
DA:103,0
DA:110,0
DA:117,0
DA:124,0
DA:131,0
DA:139,0
DA:153,0
DA:160,0
LF:25
LH:0
BRDA:4,0,0,0
BRDA:4,0,1,0
BRDA:74,1,0,0
BRDA:74,1,1,0
BRDA:75,2,0,0
BRDA:75,2,1,0
BRDA:79,3,0,0
BRF:7
BRH:0
end_of_record
TN:
SF:src/mocks/server.ts
FNF:0
FNH:0
DA:1,0
DA:2,0
DA:5,0
LF:3
LH:0
BRF:0
BRH:0
end_of_record
TN:
SF:src/types/index.ts
FN:17,(anonymous_1)
FNF:1
FNH:0
FNDA:0,(anonymous_1)
DA:17,0
LF:1
LH:0
BRDA:17,0,0,0
BRDA:17,0,1,0
BRF:2
BRH:0
end_of_record
